2025-04-07 16:52:04,355 - == Use GPU: 0 for training
2025-04-07 16:52:04,530 - == Use GPU: 1 for training
2025-04-07 16:52:05,824 - == Total number of parameters: 34053589
2025-04-07 16:52:05,830 - == Total number of learning parameters: 34053589
2025-04-07 16:52:06,477 - == Model Initialized on GPU: 1
2025-04-07 16:52:06,478 - == Model Initialized on GPU: 0
2025-04-07 16:52:06,511 - == Initial variables' sum: 26328.813, avg: 45.316
2025-04-07 16:52:06,515 - == Initial variables' sum: 26328.813, avg: 45.316
2025-04-07 16:52:06,515 - args: Namespace(mode='train', model_name='newcrfs_kittieigen', encoder='VSSD', pretrain='./vssd_tiny_best_ema.pth', dataset='kitti', data_path='../../dataset/KITTI/', gt_path='../../dataset/KITTI/data_depth_annotated/', filenames_file='data_splits/eigen_train_files_with_gt.txt', input_height=352, input_width=1120, max_depth=80.0, log_directory='./runs/run35_enVSSD_deCRFs_SP/', checkpoint_path='', log_freq=1000, save_freq=5000, weight_decay=0.01, retrain=False, adam_eps=0.001, batch_size=8, num_epochs=50, learning_rate=4e-05, end_learning_rate=-1, variance_focus=0.85, do_random_rotate=True, degree=1.0, do_kb_crop=True, use_right=False, num_threads=1, world_size=2, rank=0, dist_url='tcp://127.0.0.1:2341', dist_backend='nccl', gpu=0, multiprocessing_distributed=True, do_online_eval=True, data_path_eval='../../dataset/KITTI/', gt_path_eval='../../dataset/KITTI/data_depth_annotated/', filenames_file_eval='data_splits/eigen_test_files_with_gt.txt', min_depth_eval=0.001, max_depth_eval=80.0, eigen_crop=False, garg_crop=True, eval_freq=1000, eval_summary_directory='', dynamic_tanh=False, distributed=True)
2025-04-07 16:52:13,246 - [epoch][s/s_per_e/gs]: [0][0/1448/0], lr: 0.000040000000, loss: 7.809302806854
2025-04-07 16:53:01,160 - [epoch][s/s_per_e/gs]: [0][100/1448/100], lr: 0.000039955246, loss: 2.542862415314
2025-04-07 16:53:49,266 - [epoch][s/s_per_e/gs]: [0][200/1448/200], lr: 0.000039910485, loss: 2.373986005783
2025-04-07 16:54:38,009 - [epoch][s/s_per_e/gs]: [0][300/1448/300], lr: 0.000039865718, loss: 1.863417148590
2025-04-07 16:55:26,561 - [epoch][s/s_per_e/gs]: [0][400/1448/400], lr: 0.000039820945, loss: 1.931486129761
2025-04-07 16:56:15,033 - [epoch][s/s_per_e/gs]: [0][500/1448/500], lr: 0.000039776166, loss: 1.350915670395
2025-04-07 16:57:03,721 - [epoch][s/s_per_e/gs]: [0][600/1448/600], lr: 0.000039731380, loss: 1.510154962540
2025-04-07 16:57:52,678 - [epoch][s/s_per_e/gs]: [0][700/1448/700], lr: 0.000039686588, loss: 1.236856341362
2025-04-07 16:58:41,180 - [epoch][s/s_per_e/gs]: [0][800/1448/800], lr: 0.000039641790, loss: 1.296210050583
2025-04-07 16:59:29,690 - [epoch][s/s_per_e/gs]: [0][900/1448/900], lr: 0.000039596986, loss: 1.390693426132
2025-04-07 17:00:18,203 - [epoch][s/s_per_e/gs]: [0][1000/1448/1000], lr: 0.000039552176, loss: 1.681887984276
2025-04-07 17:00:18,221 - GPU: 1 | examples/s: 16.70 | loss: 1.44071 | var sum: 26250.873 avg: 45.182 | time elapsed: 0.14h | time left: 9.75h
2025-04-07 17:00:18,228 - GPU: 0 | examples/s: 16.66 | loss: 1.68189 | var sum: 26250.873 avg: 45.182 | time elapsed: 0.14h | time left: 9.75h
2025-04-07 17:01:12,991 - Computing errors for 652 eval samples, post_process: True
2025-04-07 17:01:12,991 -   silog, abs_rel,   log10,     rms,  sq_rel, log_rms,      d1,      d2,      d3
2025-04-07 17:01:12,992 - 12.0958,  0.0947,  0.0431,  3.3026,  0.3798,  0.1395,  0.9021,  0.9842,  0.9965
2025-04-07 17:02:08,089 - [epoch][s/s_per_e/gs]: [0][1100/1448/1100], lr: 0.000039507359, loss: 1.332250356674
2025-04-07 17:02:56,367 - [epoch][s/s_per_e/gs]: [0][1200/1448/1200], lr: 0.000039462536, loss: 1.188720464706
2025-04-07 17:03:44,573 - [epoch][s/s_per_e/gs]: [0][1300/1448/1300], lr: 0.000039417706, loss: 1.153260231018
2025-04-07 17:04:36,614 - [epoch][s/s_per_e/gs]: [0][1400/1448/1400], lr: 0.000039372871, loss: 1.173934698105
2025-04-07 17:05:43,743 - [epoch][s/s_per_e/gs]: [1][52/1448/1500], lr: 0.000039328029, loss: 1.125563979149
2025-04-07 17:06:34,246 - [epoch][s/s_per_e/gs]: [1][152/1448/1600], lr: 0.000039283180, loss: 1.057950258255
2025-04-07 17:07:25,659 - [epoch][s/s_per_e/gs]: [1][252/1448/1700], lr: 0.000039238326, loss: 0.963669538498
2025-04-07 17:08:16,145 - [epoch][s/s_per_e/gs]: [1][352/1448/1800], lr: 0.000039193465, loss: 1.107224702835
2025-04-07 17:09:04,970 - [epoch][s/s_per_e/gs]: [1][452/1448/1900], lr: 0.000039148597, loss: 1.179424047470
2025-04-07 17:09:53,218 - [epoch][s/s_per_e/gs]: [1][552/1448/2000], lr: 0.000039103723, loss: 1.121181607246
2025-04-07 17:09:53,235 - GPU: 0 | examples/s: 16.90 | loss: 1.12118 | var sum: 26182.072 avg: 45.064 | time elapsed: 0.30h | time left: 10.43h
2025-04-07 17:09:53,236 - GPU: 1 | examples/s: 15.85 | loss: 1.08221 | var sum: 26182.072 avg: 45.064 | time elapsed: 0.30h | time left: 10.43h
2025-04-07 17:10:47,796 - Computing errors for 652 eval samples, post_process: True
2025-04-07 17:10:47,796 -   silog, abs_rel,   log10,     rms,  sq_rel, log_rms,      d1,      d2,      d3
2025-04-07 17:10:47,797 - 10.7717,  0.0787,  0.0350,  2.9381,  0.2986,  0.1185,  0.9290,  0.9904,  0.9981
2025-04-07 17:11:44,065 - [epoch][s/s_per_e/gs]: [1][652/1448/2100], lr: 0.000039058843, loss: 1.203596115112
2025-04-07 17:12:32,193 - [epoch][s/s_per_e/gs]: [1][752/1448/2200], lr: 0.000039013957, loss: 1.046414494514
2025-04-07 17:13:20,461 - [epoch][s/s_per_e/gs]: [1][852/1448/2300], lr: 0.000038969064, loss: 1.000666737556
2025-04-07 17:14:08,735 - [epoch][s/s_per_e/gs]: [1][952/1448/2400], lr: 0.000038924165, loss: 1.006981253624
2025-04-07 17:14:57,049 - [epoch][s/s_per_e/gs]: [1][1052/1448/2500], lr: 0.000038879259, loss: 0.918559372425
2025-04-07 17:15:45,315 - [epoch][s/s_per_e/gs]: [1][1152/1448/2600], lr: 0.000038834347, loss: 0.949646949768
2025-04-07 17:16:33,614 - [epoch][s/s_per_e/gs]: [1][1252/1448/2700], lr: 0.000038789428, loss: 1.042398691177
2025-04-07 17:17:21,896 - [epoch][s/s_per_e/gs]: [1][1352/1448/2800], lr: 0.000038744503, loss: 0.902343630791
2025-04-07 17:18:16,396 - [epoch][s/s_per_e/gs]: [2][4/1448/2900], lr: 0.000038699572, loss: 0.951352596283
2025-04-07 17:19:05,313 - [epoch][s/s_per_e/gs]: [2][104/1448/3000], lr: 0.000038654634, loss: 0.935692429543
2025-04-07 17:19:05,330 - GPU: 0 | examples/s: 16.63 | loss: 0.93569 | var sum: 26103.793 avg: 44.929 | time elapsed: 0.45h | time left: 10.40h
2025-04-07 17:19:05,331 - GPU: 1 | examples/s: 16.41 | loss: 0.93067 | var sum: 26103.793 avg: 44.929 | time elapsed: 0.45h | time left: 10.40h
2025-04-07 17:19:51,860 - Computing errors for 652 eval samples, post_process: True
2025-04-07 17:19:51,860 -   silog, abs_rel,   log10,     rms,  sq_rel, log_rms,      d1,      d2,      d3
2025-04-07 17:19:51,860 - 10.1633,  0.0733,  0.0317,  2.7854,  0.2720,  0.1096,  0.9409,  0.9919,  0.9984
2025-04-07 17:20:46,676 - [epoch][s/s_per_e/gs]: [2][204/1448/3100], lr: 0.000038609689, loss: 0.925094485283
2025-04-07 17:21:34,861 - [epoch][s/s_per_e/gs]: [2][304/1448/3200], lr: 0.000038564739, loss: 1.018373012543
2025-04-07 17:22:23,248 - [epoch][s/s_per_e/gs]: [2][404/1448/3300], lr: 0.000038519781, loss: 0.941555440426
2025-04-07 17:23:11,533 - [epoch][s/s_per_e/gs]: [2][504/1448/3400], lr: 0.000038474817, loss: 1.001460790634
2025-04-07 17:23:59,812 - [epoch][s/s_per_e/gs]: [2][604/1448/3500], lr: 0.000038429847, loss: 0.833950757980
2025-04-07 17:24:48,184 - [epoch][s/s_per_e/gs]: [2][704/1448/3600], lr: 0.000038384870, loss: 1.131950736046
2025-04-07 17:25:36,432 - [epoch][s/s_per_e/gs]: [2][804/1448/3700], lr: 0.000038339886, loss: 0.939676821232
2025-04-07 17:26:24,763 - [epoch][s/s_per_e/gs]: [2][904/1448/3800], lr: 0.000038294896, loss: 0.842602908611
2025-04-07 17:27:13,014 - [epoch][s/s_per_e/gs]: [2][1004/1448/3900], lr: 0.000038249900, loss: 0.932287812233
2025-04-07 17:28:01,261 - [epoch][s/s_per_e/gs]: [2][1104/1448/4000], lr: 0.000038204897, loss: 0.878364324570
2025-04-07 17:28:01,278 - GPU: 0 | examples/s: 16.65 | loss: 0.87836 | var sum: 26038.315 avg: 44.816 | time elapsed: 0.60h | time left: 10.24h
2025-04-07 17:28:01,279 - GPU: 1 | examples/s: 16.42 | loss: 0.97600 | var sum: 26038.315 avg: 44.816 | time elapsed: 0.60h | time left: 10.24h
2025-04-07 17:28:45,740 - Computing errors for 652 eval samples, post_process: True
2025-04-07 17:28:45,741 -   silog, abs_rel,   log10,     rms,  sq_rel, log_rms,      d1,      d2,      d3
2025-04-07 17:28:45,741 -  9.9462,  0.0699,  0.0307,  2.8110,  0.2567,  0.1064,  0.9459,  0.9926,  0.9985
2025-04-07 17:29:39,489 - [epoch][s/s_per_e/gs]: [2][1204/1448/4100], lr: 0.000038159887, loss: 0.873573660851
2025-04-07 17:30:27,705 - [epoch][s/s_per_e/gs]: [2][1304/1448/4200], lr: 0.000038114871, loss: 0.964919865131
2025-04-07 17:31:16,034 - [epoch][s/s_per_e/gs]: [2][1404/1448/4300], lr: 0.000038069848, loss: 0.919435560703
2025-04-07 17:32:08,774 - [epoch][s/s_per_e/gs]: [3][56/1448/4400], lr: 0.000038024818, loss: 1.020516037941
2025-04-07 17:32:56,948 - [epoch][s/s_per_e/gs]: [3][156/1448/4500], lr: 0.000037979782, loss: 0.797900557518
2025-04-07 17:33:45,143 - [epoch][s/s_per_e/gs]: [3][256/1448/4600], lr: 0.000037934739, loss: 0.921795010567
2025-04-07 17:34:33,272 - [epoch][s/s_per_e/gs]: [3][356/1448/4700], lr: 0.000037889690, loss: 0.799336910248
2025-04-07 17:35:21,531 - [epoch][s/s_per_e/gs]: [3][456/1448/4800], lr: 0.000037844634, loss: 1.034829497337
2025-04-07 17:36:09,786 - [epoch][s/s_per_e/gs]: [3][556/1448/4900], lr: 0.000037799571, loss: 0.976214647293
2025-04-07 17:36:57,996 - [epoch][s/s_per_e/gs]: [3][656/1448/5000], lr: 0.000037754501, loss: 0.718185067177
2025-04-07 17:36:58,014 - GPU: 0 | examples/s: 16.69 | loss: 0.71819 | var sum: 26005.745 avg: 44.760 | time elapsed: 0.75h | time left: 10.08h
2025-04-07 17:36:58,014 - GPU: 1 | examples/s: 16.49 | loss: 0.80127 | var sum: 26005.745 avg: 44.760 | time elapsed: 0.75h | time left: 10.08h
2025-04-07 17:37:42,518 - Computing errors for 652 eval samples, post_process: True
2025-04-07 17:37:42,519 -   silog, abs_rel,   log10,     rms,  sq_rel, log_rms,      d1,      d2,      d3
2025-04-07 17:37:42,519 -  9.6515,  0.0660,  0.0295,  2.6724,  0.2407,  0.1046,  0.9483,  0.9923,  0.9983
2025-04-07 17:38:35,348 - [epoch][s/s_per_e/gs]: [3][756/1448/5100], lr: 0.000037709425, loss: 0.978098213673
2025-04-07 17:39:23,593 - [epoch][s/s_per_e/gs]: [3][856/1448/5200], lr: 0.000037664343, loss: 0.845490813255
2025-04-07 17:40:11,883 - [epoch][s/s_per_e/gs]: [3][956/1448/5300], lr: 0.000037619253, loss: 0.980507493019
2025-04-07 17:41:00,177 - [epoch][s/s_per_e/gs]: [3][1056/1448/5400], lr: 0.000037574157, loss: 0.855186581612
2025-04-07 17:41:48,719 - [epoch][s/s_per_e/gs]: [3][1156/1448/5500], lr: 0.000037529054, loss: 0.732277631760
2025-04-07 17:42:36,987 - [epoch][s/s_per_e/gs]: [3][1256/1448/5600], lr: 0.000037483944, loss: 0.921292960644
2025-04-07 17:43:25,332 - [epoch][s/s_per_e/gs]: [3][1356/1448/5700], lr: 0.000037438828, loss: 0.879158973694
2025-04-07 17:44:18,254 - [epoch][s/s_per_e/gs]: [4][8/1448/5800], lr: 0.000037393704, loss: 0.764288902283
2025-04-07 17:45:06,454 - [epoch][s/s_per_e/gs]: [4][108/1448/5900], lr: 0.000037348574, loss: 0.722971260548
2025-04-07 17:45:54,624 - [epoch][s/s_per_e/gs]: [4][208/1448/6000], lr: 0.000037303437, loss: 0.849476814270
2025-04-07 17:45:54,641 - GPU: 0 | examples/s: 16.66 | loss: 0.84948 | var sum: 25905.385 avg: 44.588 | time elapsed: 0.90h | time left: 9.92h
2025-04-07 17:45:54,642 - GPU: 1 | examples/s: 16.48 | loss: 0.76276 | var sum: 25905.385 avg: 44.588 | time elapsed: 0.90h | time left: 9.92h
2025-04-07 17:46:40,195 - Computing errors for 652 eval samples, post_process: True
2025-04-07 17:46:40,195 -   silog, abs_rel,   log10,     rms,  sq_rel, log_rms,      d1,      d2,      d3
2025-04-07 17:46:40,196 -  9.3429,  0.0668,  0.0300,  2.6757,  0.2378,  0.1033,  0.9505,  0.9931,  0.9985
2025-04-07 17:47:32,313 - [epoch][s/s_per_e/gs]: [4][308/1448/6100], lr: 0.000037258294, loss: 0.780801415443
2025-04-07 17:48:20,534 - [epoch][s/s_per_e/gs]: [4][408/1448/6200], lr: 0.000037213143, loss: 0.874364495277
2025-04-07 17:49:08,871 - [epoch][s/s_per_e/gs]: [4][508/1448/6300], lr: 0.000037167986, loss: 0.722795009613
2025-04-07 17:49:57,166 - [epoch][s/s_per_e/gs]: [4][608/1448/6400], lr: 0.000037122822, loss: 0.709235131741
2025-04-07 17:50:45,430 - [epoch][s/s_per_e/gs]: [4][708/1448/6500], lr: 0.000037077651, loss: 0.779560148716
2025-04-07 17:51:33,746 - [epoch][s/s_per_e/gs]: [4][808/1448/6600], lr: 0.000037032474, loss: 0.772069454193
2025-04-07 17:52:29,011 - [epoch][s/s_per_e/gs]: [4][908/1448/6700], lr: 0.000036987289, loss: 0.762171387672
2025-04-07 17:53:25,533 - [epoch][s/s_per_e/gs]: [4][1008/1448/6800], lr: 0.000036942097, loss: 0.779941082001
2025-04-07 17:54:22,249 - [epoch][s/s_per_e/gs]: [4][1108/1448/6900], lr: 0.000036896899, loss: 0.971270501614
2025-04-07 17:55:19,452 - [epoch][s/s_per_e/gs]: [4][1208/1448/7000], lr: 0.000036851694, loss: 0.956055760384
2025-04-07 17:55:19,469 - GPU: 0 | examples/s: 15.65 | loss: 0.95606 | var sum: 25878.198 avg: 44.541 | time elapsed: 1.05h | time left: 9.84h
2025-04-07 17:55:19,471 - GPU: 1 | examples/s: 16.91 | loss: 0.82156 | var sum: 25878.198 avg: 44.541 | time elapsed: 1.05h | time left: 9.84h
2025-04-07 17:56:20,013 - Computing errors for 652 eval samples, post_process: True
2025-04-07 17:56:20,014 -   silog, abs_rel,   log10,     rms,  sq_rel, log_rms,      d1,      d2,      d3
2025-04-07 17:56:20,014 -  9.2717,  0.0649,  0.0289,  2.5599,  0.2283,  0.1011,  0.9518,  0.9935,  0.9986
2025-04-07 17:57:21,284 - [epoch][s/s_per_e/gs]: [4][1308/1448/7100], lr: 0.000036806481, loss: 0.741274058819
2025-04-07 17:58:14,052 - [epoch][s/s_per_e/gs]: [4][1408/1448/7200], lr: 0.000036761262, loss: 0.851954102516
2025-04-07 17:59:22,188 - [epoch][s/s_per_e/gs]: [5][60/1448/7300], lr: 0.000036716036, loss: 0.754697561264
2025-04-07 18:00:10,556 - [epoch][s/s_per_e/gs]: [5][160/1448/7400], lr: 0.000036670803, loss: 0.801671087742
2025-04-07 18:00:58,813 - [epoch][s/s_per_e/gs]: [5][260/1448/7500], lr: 0.000036625563, loss: 0.759079337120
2025-04-07 18:01:47,084 - [epoch][s/s_per_e/gs]: [5][360/1448/7600], lr: 0.000036580316, loss: 0.732261598110
2025-04-07 18:02:35,392 - [epoch][s/s_per_e/gs]: [5][460/1448/7700], lr: 0.000036535062, loss: 0.656607806683
2025-04-07 18:03:23,779 - [epoch][s/s_per_e/gs]: [5][560/1448/7800], lr: 0.000036489801, loss: 0.678559303284
2025-04-07 18:04:18,531 - [epoch][s/s_per_e/gs]: [5][660/1448/7900], lr: 0.000036444534, loss: 0.776794314384
2025-04-07 18:05:12,259 - [epoch][s/s_per_e/gs]: [5][760/1448/8000], lr: 0.000036399259, loss: 0.725634217262
2025-04-07 18:05:12,276 - GPU: 0 | examples/s: 16.18 | loss: 0.72563 | var sum: 25828.150 avg: 44.455 | time elapsed: 1.22h | time left: 9.81h
2025-04-07 18:05:12,277 - GPU: 1 | examples/s: 16.28 | loss: 0.77180 | var sum: 25828.150 avg: 44.455 | time elapsed: 1.22h | time left: 9.81h
2025-04-07 18:06:00,021 - Computing errors for 652 eval samples, post_process: True
2025-04-07 18:06:00,022 -   silog, abs_rel,   log10,     rms,  sq_rel, log_rms,      d1,      d2,      d3
2025-04-07 18:06:00,022 -  8.9715,  0.0622,  0.0274,  2.5414,  0.2163,  0.0967,  0.9562,  0.9941,  0.9987
2025-04-07 18:06:54,146 - [epoch][s/s_per_e/gs]: [5][860/1448/8100], lr: 0.000036353977, loss: 0.792996942997
2025-04-07 18:07:42,447 - [epoch][s/s_per_e/gs]: [5][960/1448/8200], lr: 0.000036308688, loss: 0.774441897869
2025-04-07 18:08:30,797 - [epoch][s/s_per_e/gs]: [5][1060/1448/8300], lr: 0.000036263391, loss: 0.787174046040
2025-04-07 18:09:19,133 - [epoch][s/s_per_e/gs]: [5][1160/1448/8400], lr: 0.000036218088, loss: 0.750151276588
2025-04-07 18:10:08,949 - [epoch][s/s_per_e/gs]: [5][1260/1448/8500], lr: 0.000036172778, loss: 0.648348867893
2025-04-07 18:10:57,249 - [epoch][s/s_per_e/gs]: [5][1360/1448/8600], lr: 0.000036127461, loss: 0.715786337852
2025-04-07 18:11:49,918 - [epoch][s/s_per_e/gs]: [6][12/1448/8700], lr: 0.000036082136, loss: 0.674425005913
2025-04-07 18:12:38,454 - [epoch][s/s_per_e/gs]: [6][112/1448/8800], lr: 0.000036036805, loss: 0.818458855152
2025-04-07 18:13:26,846 - [epoch][s/s_per_e/gs]: [6][212/1448/8900], lr: 0.000035991466, loss: 0.643179893494
2025-04-07 18:14:15,084 - [epoch][s/s_per_e/gs]: [6][312/1448/9000], lr: 0.000035946120, loss: 0.715782642365
2025-04-07 18:14:15,101 - GPU: 0 | examples/s: 16.60 | loss: 0.71578 | var sum: 25754.685 avg: 44.328 | time elapsed: 1.37h | time left: 9.64h
2025-04-07 18:14:15,102 - GPU: 1 | examples/s: 16.49 | loss: 0.75135 | var sum: 25754.685 avg: 44.328 | time elapsed: 1.37h | time left: 9.64h
2025-04-07 18:15:04,040 - Computing errors for 652 eval samples, post_process: True
2025-04-07 18:15:04,040 -   silog, abs_rel,   log10,     rms,  sq_rel, log_rms,      d1,      d2,      d3
2025-04-07 18:15:04,041 -  8.8618,  0.0621,  0.0274,  2.5083,  0.2154,  0.0962,  0.9563,  0.9944,  0.9989
2025-04-07 18:15:57,770 - [epoch][s/s_per_e/gs]: [6][412/1448/9100], lr: 0.000035900767, loss: 0.744094848633
2025-04-07 18:16:46,000 - [epoch][s/s_per_e/gs]: [6][512/1448/9200], lr: 0.000035855407, loss: 0.705729782581
2025-04-07 18:17:34,504 - [epoch][s/s_per_e/gs]: [6][612/1448/9300], lr: 0.000035810040, loss: 0.750600337982
2025-04-07 18:18:22,918 - [epoch][s/s_per_e/gs]: [6][712/1448/9400], lr: 0.000035764665, loss: 0.784242510796
2025-04-07 18:19:11,229 - [epoch][s/s_per_e/gs]: [6][812/1448/9500], lr: 0.000035719284, loss: 0.783746182919
2025-04-07 18:19:59,519 - [epoch][s/s_per_e/gs]: [6][912/1448/9600], lr: 0.000035673895, loss: 0.695113003254
2025-04-07 18:20:47,780 - [epoch][s/s_per_e/gs]: [6][1012/1448/9700], lr: 0.000035628499, loss: 0.664523184299
2025-04-07 18:21:37,260 - [epoch][s/s_per_e/gs]: [6][1112/1448/9800], lr: 0.000035583095, loss: 0.772625446320
2025-04-07 18:22:33,865 - [epoch][s/s_per_e/gs]: [6][1212/1448/9900], lr: 0.000035537685, loss: 0.726067781448
2025-04-07 18:23:25,661 - [epoch][s/s_per_e/gs]: [6][1312/1448/10000], lr: 0.000035492267, loss: 0.719035148621
2025-04-07 18:23:25,681 - GPU: 0 | examples/s: 16.79 | loss: 0.71904 | var sum: 25723.405 avg: 44.274 | time elapsed: 1.52h | time left: 9.50h
2025-04-07 18:23:25,682 - GPU: 1 | examples/s: 16.19 | loss: 0.65441 | var sum: 25723.405 avg: 44.274 | time elapsed: 1.52h | time left: 9.50h
2025-04-07 18:24:25,985 - Computing errors for 652 eval samples, post_process: True
2025-04-07 18:24:25,985 -   silog, abs_rel,   log10,     rms,  sq_rel, log_rms,      d1,      d2,      d3
2025-04-07 18:24:25,986 -  8.8410,  0.0634,  0.0281,  2.4878,  0.2141,  0.0972,  0.9565,  0.9943,  0.9988
2025-04-07 18:25:20,452 - [epoch][s/s_per_e/gs]: [6][1412/1448/10100], lr: 0.000035446842, loss: 0.709363937378
2025-04-07 18:26:13,470 - [epoch][s/s_per_e/gs]: [7][64/1448/10200], lr: 0.000035401409, loss: 0.687881827354
2025-04-07 18:27:01,642 - [epoch][s/s_per_e/gs]: [7][164/1448/10300], lr: 0.000035355969, loss: 0.724599003792
2025-04-07 18:27:49,851 - [epoch][s/s_per_e/gs]: [7][264/1448/10400], lr: 0.000035310522, loss: 0.737504601479
2025-04-07 18:28:38,066 - [epoch][s/s_per_e/gs]: [7][364/1448/10500], lr: 0.000035265068, loss: 0.682109534740
2025-04-07 18:29:26,309 - [epoch][s/s_per_e/gs]: [7][464/1448/10600], lr: 0.000035219606, loss: 0.715453267097
2025-04-07 18:30:14,607 - [epoch][s/s_per_e/gs]: [7][564/1448/10700], lr: 0.000035174137, loss: 0.611389577389
2025-04-07 18:31:02,825 - [epoch][s/s_per_e/gs]: [7][664/1448/10800], lr: 0.000035128660, loss: 0.643252193928
2025-04-07 18:31:51,057 - [epoch][s/s_per_e/gs]: [7][764/1448/10900], lr: 0.000035083177, loss: 0.726973056793
2025-04-07 18:32:41,846 - [epoch][s/s_per_e/gs]: [7][864/1448/11000], lr: 0.000035037685, loss: 0.681937575340
2025-04-07 18:32:41,867 - GPU: 1 | examples/s: 16.41 | loss: 0.62786 | var sum: 25677.714 avg: 44.196 | time elapsed: 1.68h | time left: 9.36h
2025-04-07 18:32:41,872 - GPU: 0 | examples/s: 16.84 | loss: 0.68194 | var sum: 25677.714 avg: 44.196 | time elapsed: 1.68h | time left: 9.36h
2025-04-07 18:33:34,355 - Computing errors for 652 eval samples, post_process: True
2025-04-07 18:33:34,356 -   silog, abs_rel,   log10,     rms,  sq_rel, log_rms,      d1,      d2,      d3
2025-04-07 18:33:34,356 -  8.7701,  0.0622,  0.0275,  2.4784,  0.2117,  0.0956,  0.9576,  0.9945,  0.9989
2025-04-07 18:34:28,948 - [epoch][s/s_per_e/gs]: [7][964/1448/11100], lr: 0.000034992187, loss: 0.725966930389
2025-04-07 18:35:17,187 - [epoch][s/s_per_e/gs]: [7][1064/1448/11200], lr: 0.000034946680, loss: 0.608527481556
2025-04-07 18:36:05,573 - [epoch][s/s_per_e/gs]: [7][1164/1448/11300], lr: 0.000034901167, loss: 0.642013847828
2025-04-07 18:36:55,040 - [epoch][s/s_per_e/gs]: [7][1264/1448/11400], lr: 0.000034855646, loss: 0.664320826530
2025-04-07 18:37:43,314 - [epoch][s/s_per_e/gs]: [7][1364/1448/11500], lr: 0.000034810117, loss: 0.621778190136
2025-04-07 18:38:35,896 - [epoch][s/s_per_e/gs]: [8][16/1448/11600], lr: 0.000034764582, loss: 0.683859944344
2025-04-07 18:39:24,203 - [epoch][s/s_per_e/gs]: [8][116/1448/11700], lr: 0.000034719038, loss: 0.708712279797
2025-04-07 18:40:13,320 - [epoch][s/s_per_e/gs]: [8][216/1448/11800], lr: 0.000034673487, loss: 0.631090939045
2025-04-07 18:41:02,039 - [epoch][s/s_per_e/gs]: [8][316/1448/11900], lr: 0.000034627929, loss: 0.720079421997
2025-04-07 18:41:50,245 - [epoch][s/s_per_e/gs]: [8][416/1448/12000], lr: 0.000034582363, loss: 0.639337897301
2025-04-07 18:41:50,262 - GPU: 0 | examples/s: 16.70 | loss: 0.63934 | var sum: 25654.120 avg: 44.155 | time elapsed: 1.83h | time left: 9.21h
2025-04-07 18:41:50,262 - GPU: 1 | examples/s: 16.42 | loss: 0.64446 | var sum: 25654.120 avg: 44.155 | time elapsed: 1.83h | time left: 9.21h
2025-04-07 18:42:36,995 - Computing errors for 652 eval samples, post_process: True
2025-04-07 18:42:36,995 -   silog, abs_rel,   log10,     rms,  sq_rel, log_rms,      d1,      d2,      d3
2025-04-07 18:42:36,996 -  8.6278,  0.0619,  0.0268,  2.4189,  0.2058,  0.0933,  0.9603,  0.9951,  0.9990
2025-04-07 18:43:37,529 - [epoch][s/s_per_e/gs]: [8][516/1448/12100], lr: 0.000034536789, loss: 0.740286469460
2025-04-07 18:44:25,829 - [epoch][s/s_per_e/gs]: [8][616/1448/12200], lr: 0.000034491208, loss: 0.699792981148
2025-04-07 18:45:26,116 - [epoch][s/s_per_e/gs]: [8][716/1448/12300], lr: 0.000034445620, loss: 0.731852173805
2025-04-07 18:46:14,304 - [epoch][s/s_per_e/gs]: [8][816/1448/12400], lr: 0.000034400023, loss: 0.747896075249
2025-04-07 18:47:02,542 - [epoch][s/s_per_e/gs]: [8][916/1448/12500], lr: 0.000034354419, loss: 0.667415916920
2025-04-07 18:47:54,625 - [epoch][s/s_per_e/gs]: [8][1016/1448/12600], lr: 0.000034308808, loss: 0.644523203373
2025-04-07 18:48:43,513 - [epoch][s/s_per_e/gs]: [8][1116/1448/12700], lr: 0.000034263189, loss: 0.589349985123
2025-04-07 18:49:36,229 - [epoch][s/s_per_e/gs]: [8][1216/1448/12800], lr: 0.000034217562, loss: 0.609818160534
2025-04-07 18:50:24,598 - [epoch][s/s_per_e/gs]: [8][1316/1448/12900], lr: 0.000034171928, loss: 0.691515266895
2025-04-07 18:51:12,855 - [epoch][s/s_per_e/gs]: [8][1416/1448/13000], lr: 0.000034126286, loss: 0.712863564491
2025-04-07 18:51:12,871 - GPU: 0 | examples/s: 16.05 | loss: 0.71286 | var sum: 25631.974 avg: 44.117 | time elapsed: 1.99h | time left: 9.07h
2025-04-07 18:51:12,872 - GPU: 1 | examples/s: 16.47 | loss: 0.71153 | var sum: 25631.974 avg: 44.117 | time elapsed: 1.99h | time left: 9.07h
2025-04-07 18:51:59,459 - Computing errors for 652 eval samples, post_process: True
2025-04-07 18:51:59,459 -   silog, abs_rel,   log10,     rms,  sq_rel, log_rms,      d1,      d2,      d3
2025-04-07 18:51:59,459 -  8.6041,  0.0609,  0.0268,  2.4374,  0.2053,  0.0933,  0.9600,  0.9949,  0.9989
2025-04-07 18:52:56,769 - [epoch][s/s_per_e/gs]: [9][68/1448/13100], lr: 0.000034080636, loss: 0.612301170826
2025-04-07 18:53:45,043 - [epoch][s/s_per_e/gs]: [9][168/1448/13200], lr: 0.000034034979, loss: 0.675423741341
2025-04-07 18:54:40,783 - [epoch][s/s_per_e/gs]: [9][268/1448/13300], lr: 0.000033989313, loss: 0.565300405025
2025-04-07 18:55:33,486 - [epoch][s/s_per_e/gs]: [9][368/1448/13400], lr: 0.000033943641, loss: 0.663320720196
2025-04-07 18:56:39,937 - [epoch][s/s_per_e/gs]: [9][468/1448/13500], lr: 0.000033897960, loss: 0.623501837254
2025-04-07 18:57:28,908 - [epoch][s/s_per_e/gs]: [9][568/1448/13600], lr: 0.000033852272, loss: 0.623440682888
2025-04-07 18:58:17,243 - [epoch][s/s_per_e/gs]: [9][668/1448/13700], lr: 0.000033806575, loss: 0.559049189091
2025-04-07 18:59:05,618 - [epoch][s/s_per_e/gs]: [9][768/1448/13800], lr: 0.000033760872, loss: 0.545713663101
2025-04-07 18:59:54,002 - [epoch][s/s_per_e/gs]: [9][868/1448/13900], lr: 0.000033715160, loss: 0.709143817425
2025-04-07 19:00:45,328 - [epoch][s/s_per_e/gs]: [9][968/1448/14000], lr: 0.000033669440, loss: 0.635571599007
2025-04-07 19:00:45,349 - GPU: 0 | examples/s: 15.80 | loss: 0.63557 | var sum: 25596.403 avg: 44.056 | time elapsed: 2.14h | time left: 8.94h
2025-04-07 19:00:45,349 - GPU: 1 | examples/s: 16.54 | loss: 0.54646 | var sum: 25596.403 avg: 44.056 | time elapsed: 2.14h | time left: 8.94h
2025-04-07 19:01:32,462 - Computing errors for 652 eval samples, post_process: True
2025-04-07 19:01:32,462 -   silog, abs_rel,   log10,     rms,  sq_rel, log_rms,      d1,      d2,      d3
2025-04-07 19:01:32,463 -  8.5768,  0.0595,  0.0263,  2.4531,  0.2028,  0.0930,  0.9597,  0.9948,  0.9989
2025-04-07 19:02:24,022 - [epoch][s/s_per_e/gs]: [9][1068/1448/14100], lr: 0.000033623713, loss: 0.565099775791
2025-04-07 19:03:12,336 - [epoch][s/s_per_e/gs]: [9][1168/1448/14200], lr: 0.000033577978, loss: 0.667110919952
2025-04-07 19:04:00,675 - [epoch][s/s_per_e/gs]: [9][1268/1448/14300], lr: 0.000033532235, loss: 0.512194275856
2025-04-07 19:04:49,026 - [epoch][s/s_per_e/gs]: [9][1368/1448/14400], lr: 0.000033486484, loss: 0.691548466682
2025-04-07 19:05:41,703 - [epoch][s/s_per_e/gs]: [10][20/1448/14500], lr: 0.000033440725, loss: 0.619844019413
2025-04-07 19:06:29,970 - [epoch][s/s_per_e/gs]: [10][120/1448/14600], lr: 0.000033394958, loss: 0.563705921173
2025-04-07 19:07:18,255 - [epoch][s/s_per_e/gs]: [10][220/1448/14700], lr: 0.000033349183, loss: 0.678159832954
2025-04-07 19:08:06,553 - [epoch][s/s_per_e/gs]: [10][320/1448/14800], lr: 0.000033303401, loss: 0.588861167431
2025-04-07 19:08:55,049 - [epoch][s/s_per_e/gs]: [10][420/1448/14900], lr: 0.000033257610, loss: 0.624447941780
2025-04-07 19:09:43,277 - [epoch][s/s_per_e/gs]: [10][520/1448/15000], lr: 0.000033211812, loss: 0.685996294022
2025-04-07 19:09:43,294 - GPU: 0 | examples/s: 16.64 | loss: 0.68600 | var sum: 25563.682 avg: 43.999 | time elapsed: 2.29h | time left: 8.78h
2025-04-07 19:09:43,294 - GPU: 1 | examples/s: 16.54 | loss: 0.59113 | var sum: 25563.682 avg: 43.999 | time elapsed: 2.29h | time left: 8.78h
2025-04-07 19:10:39,873 - Computing errors for 652 eval samples, post_process: True
2025-04-07 19:10:39,873 -   silog, abs_rel,   log10,     rms,  sq_rel, log_rms,      d1,      d2,      d3
2025-04-07 19:10:39,874 -  8.6061,  0.0622,  0.0275,  2.4576,  0.2098,  0.0949,  0.9585,  0.9949,  0.9989
2025-04-07 19:11:28,081 - [epoch][s/s_per_e/gs]: [10][620/1448/15100], lr: 0.000033166005, loss: 0.642188310623
2025-04-07 19:12:16,399 - [epoch][s/s_per_e/gs]: [10][720/1448/15200], lr: 0.000033120191, loss: 0.647236645222
2025-04-07 19:13:04,702 - [epoch][s/s_per_e/gs]: [10][820/1448/15300], lr: 0.000033074368, loss: 0.703050494194
2025-04-07 19:13:57,825 - [epoch][s/s_per_e/gs]: [10][920/1448/15400], lr: 0.000033028538, loss: 0.536941289902
2025-04-07 19:14:52,939 - [epoch][s/s_per_e/gs]: [10][1020/1448/15500], lr: 0.000032982699, loss: 0.527646481991
2025-04-07 19:15:41,203 - [epoch][s/s_per_e/gs]: [10][1120/1448/15600], lr: 0.000032936853, loss: 0.554000020027
2025-04-07 19:16:29,421 - [epoch][s/s_per_e/gs]: [10][1220/1448/15700], lr: 0.000032890998, loss: 0.571599662304
2025-04-07 19:17:17,765 - [epoch][s/s_per_e/gs]: [10][1320/1448/15800], lr: 0.000032845135, loss: 0.644878089428
2025-04-07 19:18:06,109 - [epoch][s/s_per_e/gs]: [10][1420/1448/15900], lr: 0.000032799264, loss: 0.642940104008
2025-04-07 19:18:58,605 - [epoch][s/s_per_e/gs]: [11][72/1448/16000], lr: 0.000032753385, loss: 0.634832620621
2025-04-07 19:18:58,622 - GPU: 0 | examples/s: 16.96 | loss: 0.63483 | var sum: 25541.165 avg: 43.961 | time elapsed: 2.45h | time left: 8.63h
2025-04-07 19:18:58,622 - GPU: 1 | examples/s: 16.26 | loss: 0.61653 | var sum: 25541.165 avg: 43.961 | time elapsed: 2.45h | time left: 8.63h
2025-04-07 19:19:45,009 - Computing errors for 652 eval samples, post_process: True
2025-04-07 19:19:45,009 -   silog, abs_rel,   log10,     rms,  sq_rel, log_rms,      d1,      d2,      d3
2025-04-07 19:19:45,010 -  8.4111,  0.0610,  0.0272,  2.4577,  0.2021,  0.0940,  0.9602,  0.9949,  0.9989
2025-04-07 19:20:34,538 - [epoch][s/s_per_e/gs]: [11][172/1448/16100], lr: 0.000032707498, loss: 0.674705445766
2025-04-07 19:21:22,820 - [epoch][s/s_per_e/gs]: [11][272/1448/16200], lr: 0.000032661603, loss: 0.557639181614
2025-04-07 19:22:11,142 - [epoch][s/s_per_e/gs]: [11][372/1448/16300], lr: 0.000032615699, loss: 0.542483687401
2025-04-07 19:22:59,534 - [epoch][s/s_per_e/gs]: [11][472/1448/16400], lr: 0.000032569788, loss: 0.581604897976
2025-04-07 19:23:47,878 - [epoch][s/s_per_e/gs]: [11][572/1448/16500], lr: 0.000032523868, loss: 0.590810835361
2025-04-07 19:24:36,257 - [epoch][s/s_per_e/gs]: [11][672/1448/16600], lr: 0.000032477940, loss: 0.625726461411
2025-04-07 19:25:24,698 - [epoch][s/s_per_e/gs]: [11][772/1448/16700], lr: 0.000032432004, loss: 0.642679452896
2025-04-07 19:26:13,049 - [epoch][s/s_per_e/gs]: [11][872/1448/16800], lr: 0.000032386059, loss: 0.464265823364
2025-04-07 19:27:01,474 - [epoch][s/s_per_e/gs]: [11][972/1448/16900], lr: 0.000032340106, loss: 0.580026984215
2025-04-07 19:27:50,127 - [epoch][s/s_per_e/gs]: [11][1072/1448/17000], lr: 0.000032294145, loss: 0.564991712570
2025-04-07 19:27:50,146 - GPU: 1 | examples/s: 16.57 | loss: 0.58750 | var sum: 25515.746 avg: 43.917 | time elapsed: 2.60h | time left: 8.46h
2025-04-07 19:27:50,148 - GPU: 0 | examples/s: 16.61 | loss: 0.56499 | var sum: 25515.746 avg: 43.917 | time elapsed: 2.60h | time left: 8.46h
2025-04-07 19:28:37,414 - Computing errors for 652 eval samples, post_process: True
2025-04-07 19:28:37,414 -   silog, abs_rel,   log10,     rms,  sq_rel, log_rms,      d1,      d2,      d3
2025-04-07 19:28:37,414 -  8.5447,  0.0591,  0.0262,  2.4873,  0.2049,  0.0931,  0.9595,  0.9948,  0.9989
2025-04-07 19:29:26,902 - [epoch][s/s_per_e/gs]: [11][1172/1448/17100], lr: 0.000032248176, loss: 0.641471385956
2025-04-07 19:30:15,207 - [epoch][s/s_per_e/gs]: [11][1272/1448/17200], lr: 0.000032202198, loss: 0.546016454697
2025-04-07 19:31:03,601 - [epoch][s/s_per_e/gs]: [11][1372/1448/17300], lr: 0.000032156212, loss: 0.613592982292
2025-04-07 19:31:56,169 - [epoch][s/s_per_e/gs]: [12][24/1448/17400], lr: 0.000032110218, loss: 0.573991775513
2025-04-07 19:32:44,518 - [epoch][s/s_per_e/gs]: [12][124/1448/17500], lr: 0.000032064215, loss: 0.533993721008
2025-04-07 19:33:32,746 - [epoch][s/s_per_e/gs]: [12][224/1448/17600], lr: 0.000032018204, loss: 0.636875510216
2025-04-07 19:34:21,114 - [epoch][s/s_per_e/gs]: [12][324/1448/17700], lr: 0.000031972185, loss: 0.577331364155
2025-04-07 19:35:11,161 - [epoch][s/s_per_e/gs]: [12][424/1448/17800], lr: 0.000031926157, loss: 0.587445020676
2025-04-07 19:35:59,406 - [epoch][s/s_per_e/gs]: [12][524/1448/17900], lr: 0.000031880120, loss: 0.487931042910
2025-04-07 19:36:47,717 - [epoch][s/s_per_e/gs]: [12][624/1448/18000], lr: 0.000031834075, loss: 0.559452176094
2025-04-07 19:36:47,734 - GPU: 0 | examples/s: 16.63 | loss: 0.55945 | var sum: 25490.077 avg: 43.873 | time elapsed: 2.74h | time left: 8.30h
2025-04-07 19:36:47,735 - GPU: 1 | examples/s: 16.61 | loss: 0.71614 | var sum: 25490.077 avg: 43.873 | time elapsed: 2.74h | time left: 8.30h
2025-04-07 19:37:34,288 - Computing errors for 652 eval samples, post_process: True
2025-04-07 19:37:34,289 -   silog, abs_rel,   log10,     rms,  sq_rel, log_rms,      d1,      d2,      d3
2025-04-07 19:37:34,289 -  8.4719,  0.0605,  0.0268,  2.4331,  0.2048,  0.0932,  0.9606,  0.9951,  0.9990
2025-04-07 19:38:23,892 - [epoch][s/s_per_e/gs]: [12][724/1448/18100], lr: 0.000031788022, loss: 0.590007364750
2025-04-07 19:39:12,315 - [epoch][s/s_per_e/gs]: [12][824/1448/18200], lr: 0.000031741961, loss: 0.537605047226
2025-04-07 19:40:00,688 - [epoch][s/s_per_e/gs]: [12][924/1448/18300], lr: 0.000031695890, loss: 0.551792323589
2025-04-07 19:40:49,131 - [epoch][s/s_per_e/gs]: [12][1024/1448/18400], lr: 0.000031649812, loss: 0.603834450245
2025-04-07 19:41:37,493 - [epoch][s/s_per_e/gs]: [12][1124/1448/18500], lr: 0.000031603724, loss: 0.668043375015
2025-04-07 19:42:25,953 - [epoch][s/s_per_e/gs]: [12][1224/1448/18600], lr: 0.000031557628, loss: 0.581204593182
2025-04-07 19:43:14,346 - [epoch][s/s_per_e/gs]: [12][1324/1448/18700], lr: 0.000031511524, loss: 0.584643602371
2025-04-07 19:44:02,721 - [epoch][s/s_per_e/gs]: [12][1424/1448/18800], lr: 0.000031465411, loss: 0.547740161419
2025-04-07 19:44:55,348 - [epoch][s/s_per_e/gs]: [13][76/1448/18900], lr: 0.000031419289, loss: 0.707802295685
2025-04-07 19:45:43,586 - [epoch][s/s_per_e/gs]: [13][176/1448/19000], lr: 0.000031373159, loss: 0.554606556892
2025-04-07 19:45:43,609 - GPU: 0 | examples/s: 16.64 | loss: 0.55461 | var sum: 25433.329 avg: 43.775 | time elapsed: 2.89h | time left: 8.13h
2025-04-07 19:45:43,609 - GPU: 1 | examples/s: 16.58 | loss: 0.53927 | var sum: 25433.329 avg: 43.775 | time elapsed: 2.89h | time left: 8.13h
2025-04-07 19:46:32,427 - Computing errors for 652 eval samples, post_process: True
2025-04-07 19:46:32,428 -   silog, abs_rel,   log10,     rms,  sq_rel, log_rms,      d1,      d2,      d3
2025-04-07 19:46:32,428 -  8.2667,  0.0592,  0.0260,  2.3886,  0.1963,  0.0907,  0.9629,  0.9953,  0.9990
2025-04-07 19:47:25,978 - [epoch][s/s_per_e/gs]: [13][276/1448/19100], lr: 0.000031327020, loss: 0.573214113712
2025-04-07 19:48:14,218 - [epoch][s/s_per_e/gs]: [13][376/1448/19200], lr: 0.000031280873, loss: 0.609341979027
2025-04-07 19:49:02,550 - [epoch][s/s_per_e/gs]: [13][476/1448/19300], lr: 0.000031234717, loss: 0.527459681034
2025-04-07 19:49:50,922 - [epoch][s/s_per_e/gs]: [13][576/1448/19400], lr: 0.000031188552, loss: 0.538754522800
2025-04-07 19:50:39,395 - [epoch][s/s_per_e/gs]: [13][676/1448/19500], lr: 0.000031142378, loss: 0.637764990330
2025-04-07 19:51:27,735 - [epoch][s/s_per_e/gs]: [13][776/1448/19600], lr: 0.000031096196, loss: 0.520591378212
2025-04-07 19:52:16,087 - [epoch][s/s_per_e/gs]: [13][876/1448/19700], lr: 0.000031050005, loss: 0.539874613285
2025-04-07 19:53:04,576 - [epoch][s/s_per_e/gs]: [13][976/1448/19800], lr: 0.000031003805, loss: 0.538634121418
2025-04-07 19:53:52,960 - [epoch][s/s_per_e/gs]: [13][1076/1448/19900], lr: 0.000030957596, loss: 0.645620822906
2025-04-07 19:54:41,339 - [epoch][s/s_per_e/gs]: [13][1176/1448/20000], lr: 0.000030911379, loss: 0.548072636127
2025-04-07 19:54:41,357 - GPU: 0 | examples/s: 16.63 | loss: 0.54807 | var sum: 25436.265 avg: 43.780 | time elapsed: 3.04h | time left: 7.97h
2025-04-07 19:54:41,358 - GPU: 1 | examples/s: 16.44 | loss: 0.55233 | var sum: 25436.265 avg: 43.780 | time elapsed: 3.04h | time left: 7.97h
2025-04-07 19:55:28,526 - Computing errors for 652 eval samples, post_process: True
2025-04-07 19:55:28,526 -   silog, abs_rel,   log10,     rms,  sq_rel, log_rms,      d1,      d2,      d3
2025-04-07 19:55:28,526 -  8.3375,  0.0597,  0.0265,  2.4102,  0.1978,  0.0922,  0.9621,  0.9952,  0.9990
2025-04-07 19:56:16,678 - [epoch][s/s_per_e/gs]: [13][1276/1448/20100], lr: 0.000030865153, loss: 0.553951084614
2025-04-07 19:57:04,936 - [epoch][s/s_per_e/gs]: [13][1376/1448/20200], lr: 0.000030818917, loss: 0.546744227409
2025-04-07 19:57:57,715 - [epoch][s/s_per_e/gs]: [14][28/1448/20300], lr: 0.000030772674, loss: 0.524244368076
2025-04-07 19:58:46,010 - [epoch][s/s_per_e/gs]: [14][128/1448/20400], lr: 0.000030726421, loss: 0.494710475206
2025-04-07 19:59:34,310 - [epoch][s/s_per_e/gs]: [14][228/1448/20500], lr: 0.000030680159, loss: 0.600045502186
2025-04-07 20:00:22,576 - [epoch][s/s_per_e/gs]: [14][328/1448/20600], lr: 0.000030633888, loss: 0.542810380459
2025-04-07 20:01:10,972 - [epoch][s/s_per_e/gs]: [14][428/1448/20700], lr: 0.000030587609, loss: 0.484229564667
2025-04-07 20:01:59,341 - [epoch][s/s_per_e/gs]: [14][528/1448/20800], lr: 0.000030541320, loss: 0.504364192486
2025-04-07 20:02:47,654 - [epoch][s/s_per_e/gs]: [14][628/1448/20900], lr: 0.000030495023, loss: 0.520759105682
2025-04-07 20:03:36,124 - [epoch][s/s_per_e/gs]: [14][728/1448/21000], lr: 0.000030448716, loss: 0.535651803017
2025-04-07 20:03:36,141 - GPU: 1 | examples/s: 16.64 | loss: 0.58408 | var sum: 25434.374 avg: 43.777 | time elapsed: 3.19h | time left: 7.81h
2025-04-07 20:03:36,145 - GPU: 0 | examples/s: 16.64 | loss: 0.53565 | var sum: 25434.374 avg: 43.777 | time elapsed: 3.19h | time left: 7.81h
2025-04-07 20:04:23,328 - Computing errors for 652 eval samples, post_process: True
2025-04-07 20:04:23,329 -   silog, abs_rel,   log10,     rms,  sq_rel, log_rms,      d1,      d2,      d3
2025-04-07 20:04:23,329 -  8.2116,  0.0589,  0.0260,  2.3879,  0.1950,  0.0904,  0.9629,  0.9954,  0.9991
2025-04-07 20:05:17,623 - [epoch][s/s_per_e/gs]: [14][828/1448/21100], lr: 0.000030402401, loss: 0.552682161331
2025-04-07 20:06:05,978 - [epoch][s/s_per_e/gs]: [14][928/1448/21200], lr: 0.000030356076, loss: 0.583234429359
2025-04-07 20:06:54,295 - [epoch][s/s_per_e/gs]: [14][1028/1448/21300], lr: 0.000030309743, loss: 0.616779446602
2025-04-07 20:07:42,734 - [epoch][s/s_per_e/gs]: [14][1128/1448/21400], lr: 0.000030263400, loss: 0.521404683590
2025-04-07 20:08:31,108 - [epoch][s/s_per_e/gs]: [14][1228/1448/21500], lr: 0.000030217048, loss: 0.503953814507
2025-04-07 20:09:19,722 - [epoch][s/s_per_e/gs]: [14][1328/1448/21600], lr: 0.000030170688, loss: 0.490635693073
2025-04-07 20:10:08,240 - [epoch][s/s_per_e/gs]: [14][1428/1448/21700], lr: 0.000030124318, loss: 0.537562370300
2025-04-07 20:11:00,907 - [epoch][s/s_per_e/gs]: [15][80/1448/21800], lr: 0.000030077938, loss: 0.490702122450
2025-04-07 20:11:49,253 - [epoch][s/s_per_e/gs]: [15][180/1448/21900], lr: 0.000030031550, loss: 0.522749900818
2025-04-07 20:12:37,474 - [epoch][s/s_per_e/gs]: [15][280/1448/22000], lr: 0.000029985153, loss: 0.576669454575
2025-04-07 20:12:37,492 - GPU: 1 | examples/s: 16.42 | loss: 0.52464 | var sum: 25411.098 avg: 43.737 | time elapsed: 3.34h | time left: 7.66h
2025-04-07 20:12:37,493 - GPU: 0 | examples/s: 16.63 | loss: 0.57667 | var sum: 25411.098 avg: 43.737 | time elapsed: 3.34h | time left: 7.66h
2025-04-07 20:13:24,946 - Computing errors for 652 eval samples, post_process: True
2025-04-07 20:13:24,947 -   silog, abs_rel,   log10,     rms,  sq_rel, log_rms,      d1,      d2,      d3
2025-04-07 20:13:24,947 -  8.1805,  0.0582,  0.0256,  2.3566,  0.1927,  0.0896,  0.9642,  0.9955,  0.9990
2025-04-07 20:14:18,778 - [epoch][s/s_per_e/gs]: [15][380/1448/22100], lr: 0.000029938746, loss: 0.551582753658
2025-04-07 20:15:07,029 - [epoch][s/s_per_e/gs]: [15][480/1448/22200], lr: 0.000029892330, loss: 0.562942385674
2025-04-07 20:15:55,470 - [epoch][s/s_per_e/gs]: [15][580/1448/22300], lr: 0.000029845905, loss: 0.552143931389
2025-04-07 20:16:43,816 - [epoch][s/s_per_e/gs]: [15][680/1448/22400], lr: 0.000029799471, loss: 0.549157321453
2025-04-07 20:17:32,314 - [epoch][s/s_per_e/gs]: [15][780/1448/22500], lr: 0.000029753027, loss: 0.514334201813
2025-04-07 20:18:20,838 - [epoch][s/s_per_e/gs]: [15][880/1448/22600], lr: 0.000029706574, loss: 0.509214699268
2025-04-07 20:19:09,206 - [epoch][s/s_per_e/gs]: [15][980/1448/22700], lr: 0.000029660112, loss: 0.553011357784
2025-04-07 20:19:57,610 - [epoch][s/s_per_e/gs]: [15][1080/1448/22800], lr: 0.000029613640, loss: 0.536757171154
2025-04-07 20:20:45,918 - [epoch][s/s_per_e/gs]: [15][1180/1448/22900], lr: 0.000029567159, loss: 0.510713398457
2025-04-07 20:21:34,175 - [epoch][s/s_per_e/gs]: [15][1280/1448/23000], lr: 0.000029520668, loss: 0.483041584492
2025-04-07 20:21:34,191 - GPU: 0 | examples/s: 16.61 | loss: 0.48304 | var sum: 25396.402 avg: 43.712 | time elapsed: 3.49h | time left: 7.50h
2025-04-07 20:21:34,192 - GPU: 1 | examples/s: 16.43 | loss: 0.56214 | var sum: 25396.402 avg: 43.712 | time elapsed: 3.49h | time left: 7.50h
2025-04-07 20:22:21,415 - Computing errors for 652 eval samples, post_process: True
2025-04-07 20:22:21,416 -   silog, abs_rel,   log10,     rms,  sq_rel, log_rms,      d1,      d2,      d3
2025-04-07 20:22:21,416 -  8.3015,  0.0586,  0.0257,  2.3835,  0.1937,  0.0903,  0.9633,  0.9953,  0.9990
2025-04-07 20:23:09,794 - [epoch][s/s_per_e/gs]: [15][1380/1448/23100], lr: 0.000029474169, loss: 0.521504282951
2025-04-07 20:24:02,230 - [epoch][s/s_per_e/gs]: [16][32/1448/23200], lr: 0.000029427659, loss: 0.554783999920
2025-04-07 20:24:50,464 - [epoch][s/s_per_e/gs]: [16][132/1448/23300], lr: 0.000029381141, loss: 0.582657337189
2025-04-07 20:25:38,807 - [epoch][s/s_per_e/gs]: [16][232/1448/23400], lr: 0.000029334612, loss: 0.451854407787
2025-04-07 20:26:27,074 - [epoch][s/s_per_e/gs]: [16][332/1448/23500], lr: 0.000029288075, loss: 0.483743071556
2025-04-07 20:27:15,340 - [epoch][s/s_per_e/gs]: [16][432/1448/23600], lr: 0.000029241527, loss: 0.490803599358
2025-04-07 20:28:03,887 - [epoch][s/s_per_e/gs]: [16][532/1448/23700], lr: 0.000029194971, loss: 0.534390330315
2025-04-07 20:28:52,250 - [epoch][s/s_per_e/gs]: [16][632/1448/23800], lr: 0.000029148404, loss: 0.514646530151
2025-04-07 20:29:40,501 - [epoch][s/s_per_e/gs]: [16][732/1448/23900], lr: 0.000029101828, loss: 0.464511573315
2025-04-07 20:30:28,774 - [epoch][s/s_per_e/gs]: [16][832/1448/24000], lr: 0.000029055243, loss: 0.478869616985
2025-04-07 20:30:28,791 - GPU: 0 | examples/s: 16.65 | loss: 0.47887 | var sum: 25380.552 avg: 43.684 | time elapsed: 3.64h | time left: 7.34h
2025-04-07 20:30:28,792 - GPU: 1 | examples/s: 16.65 | loss: 0.47000 | var sum: 25380.552 avg: 43.684 | time elapsed: 3.64h | time left: 7.34h
2025-04-07 20:31:16,068 - Computing errors for 652 eval samples, post_process: True
2025-04-07 20:31:16,069 -   silog, abs_rel,   log10,     rms,  sq_rel, log_rms,      d1,      d2,      d3
2025-04-07 20:31:16,069 -  8.1936,  0.0592,  0.0262,  2.3869,  0.1962,  0.0911,  0.9634,  0.9953,  0.9990
2025-04-07 20:32:04,174 - [epoch][s/s_per_e/gs]: [16][932/1448/24100], lr: 0.000029008648, loss: 0.521427452564
2025-04-07 20:32:52,309 - [epoch][s/s_per_e/gs]: [16][1032/1448/24200], lr: 0.000028962043, loss: 0.477670758963
2025-04-07 20:33:40,604 - [epoch][s/s_per_e/gs]: [16][1132/1448/24300], lr: 0.000028915428, loss: 0.528692841530
2025-04-07 20:34:28,957 - [epoch][s/s_per_e/gs]: [16][1232/1448/24400], lr: 0.000028868804, loss: 0.455547899008
2025-04-07 20:35:17,230 - [epoch][s/s_per_e/gs]: [16][1332/1448/24500], lr: 0.000028822170, loss: 0.576423943043
2025-04-07 20:36:05,541 - [epoch][s/s_per_e/gs]: [16][1432/1448/24600], lr: 0.000028775527, loss: 0.512448608875
2025-04-07 20:36:58,039 - [epoch][s/s_per_e/gs]: [17][84/1448/24700], lr: 0.000028728873, loss: 0.540719866753
2025-04-07 20:37:46,293 - [epoch][s/s_per_e/gs]: [17][184/1448/24800], lr: 0.000028682210, loss: 0.502782583237
2025-04-07 20:38:34,735 - [epoch][s/s_per_e/gs]: [17][284/1448/24900], lr: 0.000028635537, loss: 0.477005720139
2025-04-07 20:39:23,088 - [epoch][s/s_per_e/gs]: [17][384/1448/25000], lr: 0.000028588855, loss: 0.462083548307
2025-04-07 20:39:23,105 - GPU: 0 | examples/s: 16.66 | loss: 0.46208 | var sum: 25349.068 avg: 43.630 | time elapsed: 3.79h | time left: 7.18h
2025-04-07 20:39:23,105 - GPU: 1 | examples/s: 16.66 | loss: 0.53454 | var sum: 25349.068 avg: 43.630 | time elapsed: 3.79h | time left: 7.18h
2025-04-07 20:40:10,697 - Computing errors for 652 eval samples, post_process: True
2025-04-07 20:40:10,697 -   silog, abs_rel,   log10,     rms,  sq_rel, log_rms,      d1,      d2,      d3
2025-04-07 20:40:10,697 -  8.1721,  0.0602,  0.0266,  2.3809,  0.1948,  0.0910,  0.9640,  0.9954,  0.9990
2025-04-07 20:40:59,599 - [epoch][s/s_per_e/gs]: [17][484/1448/25100], lr: 0.000028542162, loss: 0.524652063847
2025-04-07 20:41:47,926 - [epoch][s/s_per_e/gs]: [17][584/1448/25200], lr: 0.000028495459, loss: 0.512209177017
2025-04-07 20:42:36,245 - [epoch][s/s_per_e/gs]: [17][684/1448/25300], lr: 0.000028448747, loss: 0.591915130615
2025-04-07 20:43:24,713 - [epoch][s/s_per_e/gs]: [17][784/1448/25400], lr: 0.000028402025, loss: 0.481174826622
2025-04-07 20:44:13,189 - [epoch][s/s_per_e/gs]: [17][884/1448/25500], lr: 0.000028355292, loss: 0.517775714397
2025-04-07 20:45:01,568 - [epoch][s/s_per_e/gs]: [17][984/1448/25600], lr: 0.000028308550, loss: 0.596973955631
2025-04-07 20:45:50,043 - [epoch][s/s_per_e/gs]: [17][1084/1448/25700], lr: 0.000028261798, loss: 0.483047842979
2025-04-07 20:46:38,536 - [epoch][s/s_per_e/gs]: [17][1184/1448/25800], lr: 0.000028215036, loss: 0.557047486305
2025-04-07 20:47:26,948 - [epoch][s/s_per_e/gs]: [17][1284/1448/25900], lr: 0.000028168264, loss: 0.512687385082
2025-04-07 20:48:15,302 - [epoch][s/s_per_e/gs]: [17][1384/1448/26000], lr: 0.000028121481, loss: 0.477935403585
2025-04-07 20:48:15,320 - GPU: 0 | examples/s: 16.61 | loss: 0.47794 | var sum: 25340.088 avg: 43.615 | time elapsed: 3.94h | time left: 7.02h
2025-04-07 20:48:15,320 - GPU: 1 | examples/s: 16.58 | loss: 0.49093 | var sum: 25340.088 avg: 43.615 | time elapsed: 3.94h | time left: 7.02h
2025-04-07 20:49:01,302 - Computing errors for 652 eval samples, post_process: True
2025-04-07 20:49:01,302 -   silog, abs_rel,   log10,     rms,  sq_rel, log_rms,      d1,      d2,      d3
2025-04-07 20:49:01,302 -  8.1682,  0.0581,  0.0257,  2.3767,  0.1926,  0.0900,  0.9639,  0.9954,  0.9990
2025-04-07 20:49:55,821 - [epoch][s/s_per_e/gs]: [18][36/1448/26100], lr: 0.000028074689, loss: 0.477532327175
2025-04-07 20:50:44,084 - [epoch][s/s_per_e/gs]: [18][136/1448/26200], lr: 0.000028027886, loss: 0.519746184349
2025-04-07 20:51:32,433 - [epoch][s/s_per_e/gs]: [18][236/1448/26300], lr: 0.000027981074, loss: 0.472876191139
2025-04-07 20:52:20,672 - [epoch][s/s_per_e/gs]: [18][336/1448/26400], lr: 0.000027934251, loss: 0.558367848396
2025-04-07 20:53:09,183 - [epoch][s/s_per_e/gs]: [18][436/1448/26500], lr: 0.000027887418, loss: 0.461207032204
2025-04-07 20:53:57,418 - [epoch][s/s_per_e/gs]: [18][536/1448/26600], lr: 0.000027840575, loss: 0.505264818668
2025-04-07 20:54:45,667 - [epoch][s/s_per_e/gs]: [18][636/1448/26700], lr: 0.000027793721, loss: 0.535911202431
2025-04-07 20:55:34,124 - [epoch][s/s_per_e/gs]: [18][736/1448/26800], lr: 0.000027746858, loss: 0.507056832314
2025-04-07 20:56:22,435 - [epoch][s/s_per_e/gs]: [18][836/1448/26900], lr: 0.000027699984, loss: 0.487438887358
2025-04-07 20:57:10,756 - [epoch][s/s_per_e/gs]: [18][936/1448/27000], lr: 0.000027653100, loss: 0.521603703499
2025-04-07 20:57:10,774 - GPU: 0 | examples/s: 16.65 | loss: 0.52160 | var sum: 25320.829 avg: 43.581 | time elapsed: 4.08h | time left: 6.87h
2025-04-07 20:57:10,774 - GPU: 1 | examples/s: 16.57 | loss: 0.54596 | var sum: 25320.829 avg: 43.581 | time elapsed: 4.08h | time left: 6.87h
2025-04-07 20:57:58,760 - Computing errors for 652 eval samples, post_process: True
2025-04-07 20:57:58,761 -   silog, abs_rel,   log10,     rms,  sq_rel, log_rms,      d1,      d2,      d3
2025-04-07 20:57:58,761 -  8.2009,  0.0574,  0.0253,  2.3777,  0.1915,  0.0896,  0.9642,  0.9952,  0.9989
2025-04-07 20:58:50,350 - [epoch][s/s_per_e/gs]: [18][1036/1448/27100], lr: 0.000027606205, loss: 0.490585595369
2025-04-07 20:59:38,595 - [epoch][s/s_per_e/gs]: [18][1136/1448/27200], lr: 0.000027559300, loss: 0.522706747055
2025-04-07 21:00:26,953 - [epoch][s/s_per_e/gs]: [18][1236/1448/27300], lr: 0.000027512385, loss: 0.475657701492
2025-04-07 21:01:15,357 - [epoch][s/s_per_e/gs]: [18][1336/1448/27400], lr: 0.000027465459, loss: 0.501610159874
2025-04-07 21:02:03,842 - [epoch][s/s_per_e/gs]: [18][1436/1448/27500], lr: 0.000027418523, loss: 0.525201678276
2025-04-07 21:02:56,493 - [epoch][s/s_per_e/gs]: [19][88/1448/27600], lr: 0.000027371576, loss: 0.478837490082
2025-04-07 21:03:44,740 - [epoch][s/s_per_e/gs]: [19][188/1448/27700], lr: 0.000027324619, loss: 0.524125099182
2025-04-07 21:04:33,043 - [epoch][s/s_per_e/gs]: [19][288/1448/27800], lr: 0.000027277652, loss: 0.458535999060
2025-04-07 21:05:21,299 - [epoch][s/s_per_e/gs]: [19][388/1448/27900], lr: 0.000027230674, loss: 0.516701877117
2025-04-07 21:06:09,668 - [epoch][s/s_per_e/gs]: [19][488/1448/28000], lr: 0.000027183685, loss: 0.451182723045
2025-04-07 21:06:09,685 - GPU: 0 | examples/s: 16.65 | loss: 0.45118 | var sum: 25281.102 avg: 43.513 | time elapsed: 4.23h | time left: 6.71h
2025-04-07 21:06:09,686 - GPU: 1 | examples/s: 16.54 | loss: 0.40591 | var sum: 25281.102 avg: 43.513 | time elapsed: 4.23h | time left: 6.71h
2025-04-07 21:06:57,465 - Computing errors for 652 eval samples, post_process: True
2025-04-07 21:06:57,466 -   silog, abs_rel,   log10,     rms,  sq_rel, log_rms,      d1,      d2,      d3
2025-04-07 21:06:57,466 -  8.2278,  0.0580,  0.0255,  2.3958,  0.1940,  0.0899,  0.9638,  0.9953,  0.9989
2025-04-07 21:07:45,629 - [epoch][s/s_per_e/gs]: [19][588/1448/28100], lr: 0.000027136686, loss: 0.521942138672
2025-04-07 21:08:33,856 - [epoch][s/s_per_e/gs]: [19][688/1448/28200], lr: 0.000027089676, loss: 0.537998557091
2025-04-07 21:09:22,124 - [epoch][s/s_per_e/gs]: [19][788/1448/28300], lr: 0.000027042655, loss: 0.490250855684
2025-04-07 21:10:10,437 - [epoch][s/s_per_e/gs]: [19][888/1448/28400], lr: 0.000026995624, loss: 0.561392366886
2025-04-07 21:10:58,685 - [epoch][s/s_per_e/gs]: [19][988/1448/28500], lr: 0.000026948582, loss: 0.506941437721
2025-04-07 21:11:46,974 - [epoch][s/s_per_e/gs]: [19][1088/1448/28600], lr: 0.000026901530, loss: 0.482490807772
2025-04-07 21:12:35,449 - [epoch][s/s_per_e/gs]: [19][1188/1448/28700], lr: 0.000026854466, loss: 0.476917773485
2025-04-07 21:13:23,739 - [epoch][s/s_per_e/gs]: [19][1288/1448/28800], lr: 0.000026807392, loss: 0.505155920982
2025-04-07 21:14:12,021 - [epoch][s/s_per_e/gs]: [19][1388/1448/28900], lr: 0.000026760307, loss: 0.481374114752
2025-04-07 21:15:04,554 - [epoch][s/s_per_e/gs]: [20][40/1448/29000], lr: 0.000026713212, loss: 0.489569127560
2025-04-07 21:15:04,576 - GPU: 1 | examples/s: 16.66 | loss: 0.53477 | var sum: 25274.762 avg: 43.502 | time elapsed: 4.38h | time left: 6.56h
2025-04-07 21:15:04,576 - GPU: 0 | examples/s: 16.65 | loss: 0.48957 | var sum: 25274.762 avg: 43.502 | time elapsed: 4.38h | time left: 6.56h
2025-04-07 21:15:52,055 - Computing errors for 652 eval samples, post_process: True
2025-04-07 21:15:52,055 -   silog, abs_rel,   log10,     rms,  sq_rel, log_rms,      d1,      d2,      d3
2025-04-07 21:15:52,056 -  8.1551,  0.0576,  0.0253,  2.3542,  0.1905,  0.0888,  0.9645,  0.9955,  0.9990
2025-04-07 21:16:45,508 - [epoch][s/s_per_e/gs]: [20][140/1448/29100], lr: 0.000026666105, loss: 0.513207018375
2025-04-07 21:17:33,804 - [epoch][s/s_per_e/gs]: [20][240/1448/29200], lr: 0.000026618988, loss: 0.465866804123
2025-04-07 21:18:22,200 - [epoch][s/s_per_e/gs]: [20][340/1448/29300], lr: 0.000026571859, loss: 0.519837558270
2025-04-07 21:19:10,559 - [epoch][s/s_per_e/gs]: [20][440/1448/29400], lr: 0.000026524720, loss: 0.453068941832
2025-04-07 21:19:58,876 - [epoch][s/s_per_e/gs]: [20][540/1448/29500], lr: 0.000026477570, loss: 0.576565742493
2025-04-07 21:20:47,328 - [epoch][s/s_per_e/gs]: [20][640/1448/29600], lr: 0.000026430409, loss: 0.519997298717
2025-04-07 21:21:35,539 - [epoch][s/s_per_e/gs]: [20][740/1448/29700], lr: 0.000026383236, loss: 0.544796407223
2025-04-07 21:22:23,863 - [epoch][s/s_per_e/gs]: [20][840/1448/29800], lr: 0.000026336053, loss: 0.473424434662
2025-04-07 21:23:12,181 - [epoch][s/s_per_e/gs]: [20][940/1448/29900], lr: 0.000026288859, loss: 0.459828108549
2025-04-07 21:24:00,424 - [epoch][s/s_per_e/gs]: [20][1040/1448/30000], lr: 0.000026241653, loss: 0.449653893709
2025-04-07 21:24:00,448 - GPU: 0 | examples/s: 16.63 | loss: 0.44965 | var sum: 25266.550 avg: 43.488 | time elapsed: 4.53h | time left: 6.40h
2025-04-07 21:24:00,448 - GPU: 1 | examples/s: 16.46 | loss: 0.47022 | var sum: 25266.550 avg: 43.488 | time elapsed: 4.53h | time left: 6.40h
