2025-03-18 19:18:12,881 - == Use GPU: 0 for training
2025-03-18 19:18:14,643 - == Total number of parameters: 46488161
2025-03-18 19:18:14,649 - == Total number of learning parameters: 46488161
2025-03-18 19:18:15,372 - == Model Initialized on GPU: 0
2025-03-18 19:18:15,400 - == Initial variables' sum: -53578.250, avg: -94.997
2025-03-18 19:18:15,400 - args: Namespace(adam_eps=0.001, batch_size=8, checkpoint_path='', data_path='../../dataset/KITTI/', data_path_eval='../../dataset/KITTI/', dataset='kitti', degree=1.0, dist_backend='nccl', dist_url='tcp://127.0.0.1:2342', distributed=True, do_kb_crop=True, do_online_eval=True, do_random_rotate=True, eigen_crop=False, encoder='MLLA', end_learning_rate=-1, eval_freq=500, eval_summary_directory='', filenames_file='data_splits/eigen_train_files_with_gt.txt', filenames_file_eval='data_splits/eigen_test_files_with_gt.txt', garg_crop=True, gpu=0, gt_path='../../dataset/KITTI/data_depth_annotated/', gt_path_eval='../../dataset/KITTI/data_depth_annotated/', input_height=352, input_width=1216, learning_rate=4e-05, log_directory='./run20_enMlla_deMa_v2.0/', log_freq=1000, max_depth=80.0, max_depth_eval=80.0, min_depth_eval=0.001, mode='train', model_name='newcrfs_kittieigen', multiprocessing_distributed=True, num_epochs=50, num_threads=1, pretrain=None, rank=0, retrain=False, save_freq=5000, use_right=False, variance_focus=0.85, weight_decay=0.01, world_size=2)
2025-03-18 19:18:24,143 - [epoch][s/s_per_e/gs]: [0][0/1448/0], lr: 0.000040000000, loss: 7.617822170258
2025-03-18 19:19:07,001 - [epoch][s/s_per_e/gs]: [0][100/1448/100], lr: 0.000039955246, loss: 2.556548118591
2025-03-18 19:19:49,054 - [epoch][s/s_per_e/gs]: [0][200/1448/200], lr: 0.000039910485, loss: 2.374412536621
2025-03-18 19:20:31,793 - [epoch][s/s_per_e/gs]: [0][300/1448/300], lr: 0.000039865718, loss: 2.040274858475
2025-03-18 19:21:13,708 - [epoch][s/s_per_e/gs]: [0][400/1448/400], lr: 0.000039820945, loss: 1.771689772606
2025-03-18 19:21:55,687 - [epoch][s/s_per_e/gs]: [0][500/1448/500], lr: 0.000039776166, loss: 1.516797661781
2025-03-18 19:22:24,228 - Computing errors for 652 eval samples, post_process: True
2025-03-18 19:22:24,229 -   silog, abs_rel,   log10,     rms,  sq_rel, log_rms,      d1,      d2,      d3
2025-03-18 19:22:24,229 - 13.6896,  0.1055,  0.0459,  3.5753,  0.4249,  0.1463,  0.8904,  0.9828,  0.9970
2025-03-18 19:23:14,790 - [epoch][s/s_per_e/gs]: [0][600/1448/600], lr: 0.000039731380, loss: 1.603394508362
2025-03-18 19:23:56,934 - [epoch][s/s_per_e/gs]: [0][700/1448/700], lr: 0.000039686588, loss: 1.543315172195
2025-03-18 19:24:38,743 - [epoch][s/s_per_e/gs]: [0][800/1448/800], lr: 0.000039641790, loss: 1.335788726807
2025-03-18 19:25:20,519 - [epoch][s/s_per_e/gs]: [0][900/1448/900], lr: 0.000039596986, loss: 1.593542337418
2025-03-18 19:26:02,259 - [epoch][s/s_per_e/gs]: [0][1000/1448/1000], lr: 0.000039552176, loss: 1.891099333763
2025-03-18 19:26:02,275 - GPU: 0 | examples/s: 18.99 | loss: 1.89110 | var sum: -55137.633 avg: -97.762 | time elapsed: 0.13h | time left: 9.26h
2025-03-18 19:26:34,022 - Computing errors for 652 eval samples, post_process: True
2025-03-18 19:26:34,023 -   silog, abs_rel,   log10,     rms,  sq_rel, log_rms,      d1,      d2,      d3
2025-03-18 19:26:34,023 - 11.9185,  0.0891,  0.0387,  3.1303,  0.3383,  0.1266,  0.9193,  0.9887,  0.9979
2025-03-18 19:27:24,176 - [epoch][s/s_per_e/gs]: [0][1100/1448/1100], lr: 0.000039507359, loss: 1.281429290771
2025-03-18 19:28:06,540 - [epoch][s/s_per_e/gs]: [0][1200/1448/1200], lr: 0.000039462536, loss: 1.209353327751
2025-03-18 19:28:51,282 - [epoch][s/s_per_e/gs]: [0][1300/1448/1300], lr: 0.000039417706, loss: 1.302550792694
2025-03-18 19:29:33,014 - [epoch][s/s_per_e/gs]: [0][1400/1448/1400], lr: 0.000039372871, loss: 1.333107829094
2025-03-18 19:30:24,217 - [epoch][s/s_per_e/gs]: [1][52/1448/1500], lr: 0.000039328029, loss: 1.157814741135
2025-03-18 19:30:51,846 - Computing errors for 652 eval samples, post_process: True
2025-03-18 19:30:51,846 -   silog, abs_rel,   log10,     rms,  sq_rel, log_rms,      d1,      d2,      d3
2025-03-18 19:30:51,846 - 10.9974,  0.0815,  0.0351,  2.9452,  0.3005,  0.1172,  0.9316,  0.9906,  0.9983
2025-03-18 19:31:42,387 - [epoch][s/s_per_e/gs]: [1][152/1448/1600], lr: 0.000039283180, loss: 1.274566173553
2025-03-18 19:32:25,188 - [epoch][s/s_per_e/gs]: [1][252/1448/1700], lr: 0.000039238326, loss: 1.064326047897
2025-03-18 19:33:07,115 - [epoch][s/s_per_e/gs]: [1][352/1448/1800], lr: 0.000039193465, loss: 1.136123418808
2025-03-18 19:33:49,983 - [epoch][s/s_per_e/gs]: [1][452/1448/1900], lr: 0.000039148597, loss: 1.187641739845
2025-03-18 19:34:32,253 - [epoch][s/s_per_e/gs]: [1][552/1448/2000], lr: 0.000039103723, loss: 1.290480971336
2025-03-18 19:34:32,269 - GPU: 0 | examples/s: 18.80 | loss: 1.29048 | var sum: -55421.532 avg: -98.265 | time elapsed: 0.27h | time left: 9.55h
2025-03-18 19:35:04,001 - Computing errors for 652 eval samples, post_process: True
2025-03-18 19:35:04,001 -   silog, abs_rel,   log10,     rms,  sq_rel, log_rms,      d1,      d2,      d3
2025-03-18 19:35:04,001 - 10.6933,  0.0791,  0.0345,  2.8388,  0.2867,  0.1148,  0.9347,  0.9910,  0.9984
2025-03-18 19:35:54,517 - [epoch][s/s_per_e/gs]: [1][652/1448/2100], lr: 0.000039058843, loss: 1.222022891045
2025-03-18 19:36:41,002 - [epoch][s/s_per_e/gs]: [1][752/1448/2200], lr: 0.000039013957, loss: 1.113940000534
2025-03-18 19:37:24,738 - [epoch][s/s_per_e/gs]: [1][852/1448/2300], lr: 0.000038969064, loss: 1.149577379227
2025-03-18 19:38:09,819 - [epoch][s/s_per_e/gs]: [1][952/1448/2400], lr: 0.000038924165, loss: 1.080482482910
2025-03-18 19:38:53,848 - [epoch][s/s_per_e/gs]: [1][1052/1448/2500], lr: 0.000038879259, loss: 1.136351943016
2025-03-18 19:39:20,983 - Computing errors for 652 eval samples, post_process: True
2025-03-18 19:39:20,984 -   silog, abs_rel,   log10,     rms,  sq_rel, log_rms,      d1,      d2,      d3
2025-03-18 19:39:20,984 - 10.6266,  0.0808,  0.0349,  2.8804,  0.2820,  0.1140,  0.9391,  0.9912,  0.9984
2025-03-18 19:40:08,794 - [epoch][s/s_per_e/gs]: [1][1152/1448/2600], lr: 0.000038834347, loss: 1.035906791687
2025-03-18 19:40:51,276 - [epoch][s/s_per_e/gs]: [1][1252/1448/2700], lr: 0.000038789428, loss: 1.125043749809
2025-03-18 19:41:36,911 - [epoch][s/s_per_e/gs]: [1][1352/1448/2800], lr: 0.000038744503, loss: 0.989522218704
2025-03-18 19:42:23,738 - [epoch][s/s_per_e/gs]: [2][4/1448/2900], lr: 0.000038699572, loss: 0.998232483864
2025-03-18 19:43:10,062 - [epoch][s/s_per_e/gs]: [2][104/1448/3000], lr: 0.000038654634, loss: 1.019896030426
2025-03-18 19:43:10,078 - GPU: 0 | examples/s: 18.25 | loss: 1.01990 | var sum: -55747.447 avg: -98.843 | time elapsed: 0.42h | time left: 9.60h
2025-03-18 19:43:42,045 - Computing errors for 652 eval samples, post_process: True
2025-03-18 19:43:42,045 -   silog, abs_rel,   log10,     rms,  sq_rel, log_rms,      d1,      d2,      d3
2025-03-18 19:43:42,046 - 10.1920,  0.0764,  0.0327,  2.7766,  0.2666,  0.1096,  0.9418,  0.9924,  0.9987
2025-03-18 19:44:33,406 - [epoch][s/s_per_e/gs]: [2][204/1448/3100], lr: 0.000038609689, loss: 1.076445817947
2025-03-18 19:45:16,135 - [epoch][s/s_per_e/gs]: [2][304/1448/3200], lr: 0.000038564739, loss: 1.103108167648
2025-03-18 19:46:00,030 - [epoch][s/s_per_e/gs]: [2][404/1448/3300], lr: 0.000038519781, loss: 1.080964684486
2025-03-18 19:46:42,466 - [epoch][s/s_per_e/gs]: [2][504/1448/3400], lr: 0.000038474817, loss: 1.065763115883
2025-03-18 19:47:24,743 - [epoch][s/s_per_e/gs]: [2][604/1448/3500], lr: 0.000038429847, loss: 0.886760354042
2025-03-18 19:47:52,837 - Computing errors for 652 eval samples, post_process: True
2025-03-18 19:47:52,838 -   silog, abs_rel,   log10,     rms,  sq_rel, log_rms,      d1,      d2,      d3
2025-03-18 19:47:52,839 -  9.8159,  0.0703,  0.0306,  2.6877,  0.2472,  0.1047,  0.9464,  0.9930,  0.9987
2025-03-18 19:48:43,284 - [epoch][s/s_per_e/gs]: [2][704/1448/3600], lr: 0.000038384870, loss: 1.140558838844
2025-03-18 19:49:26,404 - [epoch][s/s_per_e/gs]: [2][804/1448/3700], lr: 0.000038339886, loss: 1.049738049507
2025-03-18 19:50:08,845 - [epoch][s/s_per_e/gs]: [2][904/1448/3800], lr: 0.000038294896, loss: 0.891270518303
2025-03-18 19:50:50,849 - [epoch][s/s_per_e/gs]: [2][1004/1448/3900], lr: 0.000038249900, loss: 0.983409225941
2025-03-18 19:51:33,826 - [epoch][s/s_per_e/gs]: [2][1104/1448/4000], lr: 0.000038204897, loss: 0.927483558655
2025-03-18 19:51:33,842 - GPU: 0 | examples/s: 18.78 | loss: 0.92748 | var sum: -55861.218 avg: -99.045 | time elapsed: 0.56h | time left: 9.49h
2025-03-18 19:52:05,157 - Computing errors for 652 eval samples, post_process: True
2025-03-18 19:52:05,157 -   silog, abs_rel,   log10,     rms,  sq_rel, log_rms,      d1,      d2,      d3
2025-03-18 19:52:05,162 -  9.7648,  0.0718,  0.0308,  2.6321,  0.2614,  0.1049,  0.9455,  0.9929,  0.9987
2025-03-18 19:52:48,721 - [epoch][s/s_per_e/gs]: [2][1204/1448/4100], lr: 0.000038159887, loss: 0.954455018044
2025-03-18 19:53:32,605 - [epoch][s/s_per_e/gs]: [2][1304/1448/4200], lr: 0.000038114871, loss: 1.000929951668
2025-03-18 19:54:14,793 - [epoch][s/s_per_e/gs]: [2][1404/1448/4300], lr: 0.000038069848, loss: 1.044909954071
2025-03-18 19:55:06,353 - [epoch][s/s_per_e/gs]: [3][56/1448/4400], lr: 0.000038024818, loss: 1.168215394020
2025-03-18 19:55:49,715 - [epoch][s/s_per_e/gs]: [3][156/1448/4500], lr: 0.000037979782, loss: 0.850387096405
2025-03-18 19:56:17,132 - Computing errors for 652 eval samples, post_process: True
2025-03-18 19:56:17,133 -   silog, abs_rel,   log10,     rms,  sq_rel, log_rms,      d1,      d2,      d3
2025-03-18 19:56:17,133 -  9.6239,  0.0696,  0.0304,  2.6543,  0.2394,  0.1033,  0.9490,  0.9933,  0.9987
2025-03-18 19:57:06,367 - [epoch][s/s_per_e/gs]: [3][256/1448/4600], lr: 0.000037934739, loss: 1.140447616577
2025-03-18 19:57:51,857 - [epoch][s/s_per_e/gs]: [3][356/1448/4700], lr: 0.000037889690, loss: 0.863287508488
2025-03-18 19:58:34,139 - [epoch][s/s_per_e/gs]: [3][456/1448/4800], lr: 0.000037844634, loss: 1.045608758926
2025-03-18 19:59:19,251 - [epoch][s/s_per_e/gs]: [3][556/1448/4900], lr: 0.000037799571, loss: 1.072748064995
2025-03-18 20:00:05,032 - [epoch][s/s_per_e/gs]: [3][656/1448/5000], lr: 0.000037754501, loss: 0.790732443333
2025-03-18 20:00:05,047 - GPU: 0 | examples/s: 18.35 | loss: 0.79073 | var sum: -56030.516 avg: -99.345 | time elapsed: 0.70h | time left: 9.40h
2025-03-18 20:00:36,752 - Computing errors for 652 eval samples, post_process: True
2025-03-18 20:00:36,752 -   silog, abs_rel,   log10,     rms,  sq_rel, log_rms,      d1,      d2,      d3
2025-03-18 20:00:36,752 -  9.3699,  0.0677,  0.0297,  2.5707,  0.2319,  0.1014,  0.9515,  0.9938,  0.9988
2025-03-18 20:01:31,818 - [epoch][s/s_per_e/gs]: [3][756/1448/5100], lr: 0.000037709425, loss: 1.128191828728
2025-03-18 20:02:13,688 - [epoch][s/s_per_e/gs]: [3][856/1448/5200], lr: 0.000037664343, loss: 0.916957795620
2025-03-18 20:02:55,508 - [epoch][s/s_per_e/gs]: [3][956/1448/5300], lr: 0.000037619253, loss: 0.952680587769
2025-03-18 20:03:37,422 - [epoch][s/s_per_e/gs]: [3][1056/1448/5400], lr: 0.000037574157, loss: 0.890097320080
2025-03-18 20:04:19,219 - [epoch][s/s_per_e/gs]: [3][1156/1448/5500], lr: 0.000037529054, loss: 0.900932073593
2025-03-18 20:04:47,441 - Computing errors for 652 eval samples, post_process: True
2025-03-18 20:04:47,442 -   silog, abs_rel,   log10,     rms,  sq_rel, log_rms,      d1,      d2,      d3
2025-03-18 20:04:47,442 -  9.2657,  0.0668,  0.0293,  2.5740,  0.2286,  0.1004,  0.9513,  0.9940,  0.9989
2025-03-18 20:05:35,881 - [epoch][s/s_per_e/gs]: [3][1256/1448/5600], lr: 0.000037483944, loss: 0.851666390896
2025-03-18 20:06:22,294 - [epoch][s/s_per_e/gs]: [3][1356/1448/5700], lr: 0.000037438828, loss: 0.946507334709
2025-03-18 20:07:09,997 - [epoch][s/s_per_e/gs]: [4][8/1448/5800], lr: 0.000037393704, loss: 0.792399942875
2025-03-18 20:07:52,300 - [epoch][s/s_per_e/gs]: [4][108/1448/5900], lr: 0.000037348574, loss: 0.769320428371
2025-03-18 20:08:34,461 - [epoch][s/s_per_e/gs]: [4][208/1448/6000], lr: 0.000037303437, loss: 0.872140288353
2025-03-18 20:08:34,477 - GPU: 0 | examples/s: 18.78 | loss: 0.87214 | var sum: -55983.405 avg: -99.261 | time elapsed: 0.84h | time left: 9.28h
2025-03-18 20:09:05,839 - Computing errors for 652 eval samples, post_process: True
2025-03-18 20:09:05,840 -   silog, abs_rel,   log10,     rms,  sq_rel, log_rms,      d1,      d2,      d3
2025-03-18 20:09:05,840 -  9.2870,  0.0830,  0.0383,  2.8353,  0.2747,  0.1188,  0.9360,  0.9911,  0.9980
2025-03-18 20:09:47,595 - [epoch][s/s_per_e/gs]: [4][308/1448/6100], lr: 0.000037258294, loss: 0.712725758553
2025-03-18 20:10:29,338 - [epoch][s/s_per_e/gs]: [4][408/1448/6200], lr: 0.000037213143, loss: 0.879001677036
2025-03-18 20:11:11,223 - [epoch][s/s_per_e/gs]: [4][508/1448/6300], lr: 0.000037167986, loss: 0.827110528946
2025-03-18 20:11:53,249 - [epoch][s/s_per_e/gs]: [4][608/1448/6400], lr: 0.000037122822, loss: 0.769159197807
2025-03-18 20:12:38,558 - [epoch][s/s_per_e/gs]: [4][708/1448/6500], lr: 0.000037077651, loss: 0.890034317970
2025-03-18 20:13:06,931 - Computing errors for 652 eval samples, post_process: True
2025-03-18 20:13:06,931 -   silog, abs_rel,   log10,     rms,  sq_rel, log_rms,      d1,      d2,      d3
2025-03-18 20:13:06,932 -  9.0669,  0.0652,  0.0283,  2.5135,  0.2199,  0.0972,  0.9561,  0.9943,  0.9989
2025-03-18 20:13:58,019 - [epoch][s/s_per_e/gs]: [4][808/1448/6600], lr: 0.000037032474, loss: 0.820571303368
2025-03-18 20:14:40,292 - [epoch][s/s_per_e/gs]: [4][908/1448/6700], lr: 0.000036987289, loss: 0.871113300323
2025-03-18 20:15:22,834 - [epoch][s/s_per_e/gs]: [4][1008/1448/6800], lr: 0.000036942097, loss: 0.812382757664
2025-03-18 20:16:04,835 - [epoch][s/s_per_e/gs]: [4][1108/1448/6900], lr: 0.000036896899, loss: 0.871909856796
2025-03-18 20:16:47,549 - [epoch][s/s_per_e/gs]: [4][1208/1448/7000], lr: 0.000036851694, loss: 0.932236015797
2025-03-18 20:16:47,565 - GPU: 0 | examples/s: 18.92 | loss: 0.93224 | var sum: -56100.194 avg: -99.468 | time elapsed: 0.98h | time left: 9.11h
2025-03-18 20:17:29,144 - Computing errors for 652 eval samples, post_process: True
2025-03-18 20:17:29,145 -   silog, abs_rel,   log10,     rms,  sq_rel, log_rms,      d1,      d2,      d3
2025-03-18 20:17:29,146 -  9.1143,  0.0681,  0.0305,  2.5774,  0.2298,  0.1024,  0.9514,  0.9936,  0.9987
2025-03-18 20:18:13,640 - [epoch][s/s_per_e/gs]: [4][1308/1448/7100], lr: 0.000036806481, loss: 0.813112556934
2025-03-18 20:18:55,774 - [epoch][s/s_per_e/gs]: [4][1408/1448/7200], lr: 0.000036761262, loss: 0.887928903103
2025-03-18 20:19:44,277 - [epoch][s/s_per_e/gs]: [5][60/1448/7300], lr: 0.000036716036, loss: 0.851709365845
2025-03-18 20:20:27,723 - [epoch][s/s_per_e/gs]: [5][160/1448/7400], lr: 0.000036670803, loss: 0.830667257309
2025-03-18 20:21:10,033 - [epoch][s/s_per_e/gs]: [5][260/1448/7500], lr: 0.000036625563, loss: 0.816993355751
2025-03-18 20:21:38,538 - Computing errors for 652 eval samples, post_process: True
2025-03-18 20:21:38,539 -   silog, abs_rel,   log10,     rms,  sq_rel, log_rms,      d1,      d2,      d3
2025-03-18 20:21:38,539 -  8.9173,  0.0672,  0.0296,  2.5036,  0.2211,  0.0985,  0.9566,  0.9942,  0.9990
2025-03-18 20:22:26,870 - [epoch][s/s_per_e/gs]: [5][360/1448/7600], lr: 0.000036580316, loss: 0.852307796478
2025-03-18 20:23:15,840 - [epoch][s/s_per_e/gs]: [5][460/1448/7700], lr: 0.000036535062, loss: 0.730135083199
2025-03-18 20:23:57,858 - [epoch][s/s_per_e/gs]: [5][560/1448/7800], lr: 0.000036489801, loss: 0.741545319557
2025-03-18 20:24:39,652 - [epoch][s/s_per_e/gs]: [5][660/1448/7900], lr: 0.000036444534, loss: 0.827684104443
2025-03-18 20:25:23,647 - [epoch][s/s_per_e/gs]: [5][760/1448/8000], lr: 0.000036399259, loss: 0.793928861618
2025-03-18 20:25:23,663 - GPU: 0 | examples/s: 18.41 | loss: 0.79393 | var sum: -56190.629 avg: -99.629 | time elapsed: 1.12h | time left: 9.01h
2025-03-18 20:25:54,811 - Computing errors for 652 eval samples, post_process: True
2025-03-18 20:25:54,811 -   silog, abs_rel,   log10,     rms,  sq_rel, log_rms,      d1,      d2,      d3
2025-03-18 20:25:54,811 -  8.8393,  0.0678,  0.0302,  2.5465,  0.2207,  0.0998,  0.9560,  0.9943,  0.9989
2025-03-18 20:26:37,648 - [epoch][s/s_per_e/gs]: [5][860/1448/8100], lr: 0.000036353977, loss: 0.820152819157
2025-03-18 20:27:19,549 - [epoch][s/s_per_e/gs]: [5][960/1448/8200], lr: 0.000036308688, loss: 0.790011048317
2025-03-18 20:28:01,513 - [epoch][s/s_per_e/gs]: [5][1060/1448/8300], lr: 0.000036263391, loss: 0.837001323700
2025-03-18 20:28:45,323 - [epoch][s/s_per_e/gs]: [5][1160/1448/8400], lr: 0.000036218088, loss: 0.727828800678
2025-03-18 20:29:27,974 - [epoch][s/s_per_e/gs]: [5][1260/1448/8500], lr: 0.000036172778, loss: 0.748694419861
2025-03-18 20:29:56,146 - Computing errors for 652 eval samples, post_process: True
2025-03-18 20:29:56,146 -   silog, abs_rel,   log10,     rms,  sq_rel, log_rms,      d1,      d2,      d3
2025-03-18 20:29:56,147 -  8.9825,  0.0638,  0.0281,  2.4841,  0.2119,  0.0967,  0.9563,  0.9943,  0.9989
2025-03-18 20:30:44,204 - [epoch][s/s_per_e/gs]: [5][1360/1448/8600], lr: 0.000036127461, loss: 0.750876069069
2025-03-18 20:31:31,609 - [epoch][s/s_per_e/gs]: [6][12/1448/8700], lr: 0.000036082136, loss: 0.734955787659
2025-03-18 20:32:13,973 - [epoch][s/s_per_e/gs]: [6][112/1448/8800], lr: 0.000036036805, loss: 0.892705023289
2025-03-18 20:32:56,372 - [epoch][s/s_per_e/gs]: [6][212/1448/8900], lr: 0.000035991466, loss: 0.766267895699
2025-03-18 20:33:38,717 - [epoch][s/s_per_e/gs]: [6][312/1448/9000], lr: 0.000035946120, loss: 0.764926314354
2025-03-18 20:33:38,734 - GPU: 0 | examples/s: 19.04 | loss: 0.76493 | var sum: -56189.153 avg: -99.626 | time elapsed: 1.26h | time left: 8.85h
2025-03-18 20:34:10,045 - Computing errors for 652 eval samples, post_process: True
2025-03-18 20:34:10,046 -   silog, abs_rel,   log10,     rms,  sq_rel, log_rms,      d1,      d2,      d3
2025-03-18 20:34:10,046 -  8.7393,  0.0627,  0.0275,  2.4829,  0.2094,  0.0947,  0.9588,  0.9947,  0.9990
2025-03-18 20:35:00,521 - [epoch][s/s_per_e/gs]: [6][412/1448/9100], lr: 0.000035900767, loss: 0.932373762131
2025-03-18 20:35:42,324 - [epoch][s/s_per_e/gs]: [6][512/1448/9200], lr: 0.000035855407, loss: 0.761699318886
2025-03-18 20:36:24,911 - [epoch][s/s_per_e/gs]: [6][612/1448/9300], lr: 0.000035810040, loss: 0.730697870255
2025-03-18 20:37:07,320 - [epoch][s/s_per_e/gs]: [6][712/1448/9400], lr: 0.000035764665, loss: 0.874492228031
2025-03-18 20:37:49,434 - [epoch][s/s_per_e/gs]: [6][812/1448/9500], lr: 0.000035719284, loss: 0.774962425232
2025-03-18 20:38:17,346 - Computing errors for 652 eval samples, post_process: True
2025-03-18 20:38:17,346 -   silog, abs_rel,   log10,     rms,  sq_rel, log_rms,      d1,      d2,      d3
2025-03-18 20:38:17,347 -  8.6090,  0.0620,  0.0270,  2.3902,  0.2023,  0.0929,  0.9611,  0.9952,  0.9991
2025-03-18 20:39:07,863 - [epoch][s/s_per_e/gs]: [6][912/1448/9600], lr: 0.000035673895, loss: 0.701807796955
2025-03-18 20:39:50,770 - [epoch][s/s_per_e/gs]: [6][1012/1448/9700], lr: 0.000035628499, loss: 0.718981027603
2025-03-18 20:40:32,938 - [epoch][s/s_per_e/gs]: [6][1112/1448/9800], lr: 0.000035583095, loss: 0.819347202778
2025-03-18 20:41:14,962 - [epoch][s/s_per_e/gs]: [6][1212/1448/9900], lr: 0.000035537685, loss: 0.783278286457
2025-03-18 20:41:57,053 - [epoch][s/s_per_e/gs]: [6][1312/1448/10000], lr: 0.000035492267, loss: 0.773230433464
2025-03-18 20:41:57,068 - GPU: 0 | examples/s: 19.10 | loss: 0.77323 | var sum: -56293.220 avg: -99.811 | time elapsed: 1.39h | time left: 8.70h
2025-03-18 20:42:28,846 - Computing errors for 652 eval samples, post_process: True
2025-03-18 20:42:28,846 -   silog, abs_rel,   log10,     rms,  sq_rel, log_rms,      d1,      d2,      d3
2025-03-18 20:42:28,847 -  8.9939,  0.0644,  0.0282,  2.5344,  0.2132,  0.0965,  0.9574,  0.9944,  0.9990
2025-03-18 20:43:10,944 - [epoch][s/s_per_e/gs]: [6][1412/1448/10100], lr: 0.000035446842, loss: 0.819258332253
2025-03-18 20:43:58,082 - [epoch][s/s_per_e/gs]: [7][64/1448/10200], lr: 0.000035401409, loss: 0.702096104622
2025-03-18 20:44:40,137 - [epoch][s/s_per_e/gs]: [7][164/1448/10300], lr: 0.000035355969, loss: 0.775160670280
2025-03-18 20:45:22,022 - [epoch][s/s_per_e/gs]: [7][264/1448/10400], lr: 0.000035310522, loss: 0.766894698143
2025-03-18 20:46:04,368 - [epoch][s/s_per_e/gs]: [7][364/1448/10500], lr: 0.000035265068, loss: 0.743302345276
2025-03-18 20:46:31,659 - Computing errors for 652 eval samples, post_process: True
2025-03-18 20:46:31,659 -   silog, abs_rel,   log10,     rms,  sq_rel, log_rms,      d1,      d2,      d3
2025-03-18 20:46:31,660 -  8.6177,  0.0619,  0.0269,  2.3851,  0.2020,  0.0927,  0.9609,  0.9948,  0.9991
2025-03-18 20:47:19,091 - [epoch][s/s_per_e/gs]: [7][464/1448/10600], lr: 0.000035219606, loss: 0.764898180962
2025-03-18 20:48:01,417 - [epoch][s/s_per_e/gs]: [7][564/1448/10700], lr: 0.000035174137, loss: 0.685797929764
2025-03-18 20:48:44,696 - [epoch][s/s_per_e/gs]: [7][664/1448/10800], lr: 0.000035128660, loss: 0.724351048470
2025-03-18 20:49:26,795 - [epoch][s/s_per_e/gs]: [7][764/1448/10900], lr: 0.000035083177, loss: 0.791084885597
2025-03-18 20:50:08,640 - [epoch][s/s_per_e/gs]: [7][864/1448/11000], lr: 0.000035037685, loss: 0.668406188488
2025-03-18 20:50:08,656 - GPU: 0 | examples/s: 19.10 | loss: 0.66841 | var sum: -56299.210 avg: -99.821 | time elapsed: 1.53h | time left: 8.55h
2025-03-18 20:50:40,487 - Computing errors for 652 eval samples, post_process: True
2025-03-18 20:50:40,487 -   silog, abs_rel,   log10,     rms,  sq_rel, log_rms,      d1,      d2,      d3
2025-03-18 20:50:40,488 -  8.5363,  0.0616,  0.0272,  2.4294,  0.2012,  0.0935,  0.9600,  0.9949,  0.9991
2025-03-18 20:51:26,186 - [epoch][s/s_per_e/gs]: [7][964/1448/11100], lr: 0.000034992187, loss: 0.766542077065
2025-03-18 20:52:08,151 - [epoch][s/s_per_e/gs]: [7][1064/1448/11200], lr: 0.000034946680, loss: 0.709408223629
2025-03-18 20:52:50,356 - [epoch][s/s_per_e/gs]: [7][1164/1448/11300], lr: 0.000034901167, loss: 0.743189811707
2025-03-18 20:53:32,592 - [epoch][s/s_per_e/gs]: [7][1264/1448/11400], lr: 0.000034855646, loss: 0.669688224792
2025-03-18 20:54:14,756 - [epoch][s/s_per_e/gs]: [7][1364/1448/11500], lr: 0.000034810117, loss: 0.697103440762
2025-03-18 20:54:43,753 - Computing errors for 652 eval samples, post_process: True
2025-03-18 20:54:43,754 -   silog, abs_rel,   log10,     rms,  sq_rel, log_rms,      d1,      d2,      d3
2025-03-18 20:54:43,754 -  8.6064,  0.0604,  0.0266,  2.4828,  0.2026,  0.0930,  0.9596,  0.9948,  0.9990
2025-03-18 20:55:32,622 - [epoch][s/s_per_e/gs]: [8][16/1448/11600], lr: 0.000034764582, loss: 0.739853858948
2025-03-18 20:56:14,671 - [epoch][s/s_per_e/gs]: [8][116/1448/11700], lr: 0.000034719038, loss: 0.778287589550
2025-03-18 20:56:56,626 - [epoch][s/s_per_e/gs]: [8][216/1448/11800], lr: 0.000034673487, loss: 0.682964086533
2025-03-18 20:57:38,952 - [epoch][s/s_per_e/gs]: [8][316/1448/11900], lr: 0.000034627929, loss: 0.773925423622
2025-03-18 20:58:20,847 - [epoch][s/s_per_e/gs]: [8][416/1448/12000], lr: 0.000034582363, loss: 0.768556952477
2025-03-18 20:58:20,863 - GPU: 0 | examples/s: 19.13 | loss: 0.76856 | var sum: -56331.552 avg: -99.879 | time elapsed: 1.67h | time left: 8.40h
2025-03-18 20:58:52,890 - Computing errors for 652 eval samples, post_process: True
2025-03-18 20:58:52,890 -   silog, abs_rel,   log10,     rms,  sq_rel, log_rms,      d1,      d2,      d3
2025-03-18 20:58:52,890 -  8.4934,  0.0603,  0.0264,  2.4075,  0.1971,  0.0917,  0.9614,  0.9951,  0.9991
2025-03-18 20:59:40,511 - [epoch][s/s_per_e/gs]: [8][516/1448/12100], lr: 0.000034536789, loss: 0.794064164162
2025-03-18 21:00:22,495 - [epoch][s/s_per_e/gs]: [8][616/1448/12200], lr: 0.000034491208, loss: 0.793525576591
2025-03-18 21:01:04,527 - [epoch][s/s_per_e/gs]: [8][716/1448/12300], lr: 0.000034445620, loss: 0.797355473042
2025-03-18 21:01:46,662 - [epoch][s/s_per_e/gs]: [8][816/1448/12400], lr: 0.000034400023, loss: 0.784195005894
2025-03-18 21:02:28,761 - [epoch][s/s_per_e/gs]: [8][916/1448/12500], lr: 0.000034354419, loss: 0.696155071259
2025-03-18 21:02:58,106 - Computing errors for 652 eval samples, post_process: True
2025-03-18 21:02:58,106 -   silog, abs_rel,   log10,     rms,  sq_rel, log_rms,      d1,      d2,      d3
2025-03-18 21:02:58,107 -  8.4975,  0.0609,  0.0264,  2.3742,  0.1987,  0.0916,  0.9616,  0.9951,  0.9991
2025-03-18 21:03:43,152 - [epoch][s/s_per_e/gs]: [8][1016/1448/12600], lr: 0.000034308808, loss: 0.686711966991
2025-03-18 21:04:25,341 - [epoch][s/s_per_e/gs]: [8][1116/1448/12700], lr: 0.000034263189, loss: 0.620662331581
2025-03-18 21:05:09,635 - [epoch][s/s_per_e/gs]: [8][1216/1448/12800], lr: 0.000034217562, loss: 0.699814915657
2025-03-18 21:05:55,038 - [epoch][s/s_per_e/gs]: [8][1316/1448/12900], lr: 0.000034171928, loss: 0.729059815407
2025-03-18 21:06:39,016 - [epoch][s/s_per_e/gs]: [8][1416/1448/13000], lr: 0.000034126286, loss: 0.778443694115
2025-03-18 21:06:39,032 - GPU: 0 | examples/s: 18.76 | loss: 0.77844 | var sum: -56493.781 avg: -100.166 | time elapsed: 1.81h | time left: 8.25h
2025-03-18 21:07:14,971 - Computing errors for 652 eval samples, post_process: True
2025-03-18 21:07:14,972 -   silog, abs_rel,   log10,     rms,  sq_rel, log_rms,      d1,      d2,      d3
2025-03-18 21:07:14,972 -  8.4643,  0.0618,  0.0274,  2.4489,  0.2009,  0.0938,  0.9611,  0.9949,  0.9990
2025-03-18 21:08:06,468 - [epoch][s/s_per_e/gs]: [9][68/1448/13100], lr: 0.000034080636, loss: 0.710734248161
2025-03-18 21:08:50,438 - [epoch][s/s_per_e/gs]: [9][168/1448/13200], lr: 0.000034034979, loss: 0.700254201889
2025-03-18 21:09:32,924 - [epoch][s/s_per_e/gs]: [9][268/1448/13300], lr: 0.000033989313, loss: 0.644793450832
2025-03-18 21:10:15,081 - [epoch][s/s_per_e/gs]: [9][368/1448/13400], lr: 0.000033943641, loss: 0.732712626457
2025-03-18 21:10:57,252 - [epoch][s/s_per_e/gs]: [9][468/1448/13500], lr: 0.000033897960, loss: 0.691117644310
2025-03-18 21:11:28,387 - Computing errors for 652 eval samples, post_process: True
2025-03-18 21:11:28,387 -   silog, abs_rel,   log10,     rms,  sq_rel, log_rms,      d1,      d2,      d3
2025-03-18 21:11:28,387 -  8.4874,  0.0604,  0.0263,  2.4260,  0.1956,  0.0914,  0.9617,  0.9953,  0.9992
2025-03-18 21:12:23,941 - [epoch][s/s_per_e/gs]: [9][568/1448/13600], lr: 0.000033852272, loss: 0.682405471802
2025-03-18 21:13:05,859 - [epoch][s/s_per_e/gs]: [9][668/1448/13700], lr: 0.000033806575, loss: 0.626537680626
2025-03-18 21:13:47,964 - [epoch][s/s_per_e/gs]: [9][768/1448/13800], lr: 0.000033760872, loss: 0.687306821346
2025-03-18 21:14:29,978 - [epoch][s/s_per_e/gs]: [9][868/1448/13900], lr: 0.000033715160, loss: 0.762604832649
2025-03-18 21:15:13,284 - [epoch][s/s_per_e/gs]: [9][968/1448/14000], lr: 0.000033669440, loss: 0.722120702267
2025-03-18 21:15:13,303 - GPU: 0 | examples/s: 18.57 | loss: 0.72212 | var sum: -56529.243 avg: -100.229 | time elapsed: 1.95h | time left: 8.13h
2025-03-18 21:15:50,869 - Computing errors for 652 eval samples, post_process: True
2025-03-18 21:15:50,870 -   silog, abs_rel,   log10,     rms,  sq_rel, log_rms,      d1,      d2,      d3
2025-03-18 21:15:50,870 -  8.4436,  0.0609,  0.0266,  2.4149,  0.1988,  0.0918,  0.9615,  0.9953,  0.9992
2025-03-18 21:16:35,028 - [epoch][s/s_per_e/gs]: [9][1068/1448/14100], lr: 0.000033623713, loss: 0.587144851685
2025-03-18 21:17:17,134 - [epoch][s/s_per_e/gs]: [9][1168/1448/14200], lr: 0.000033577978, loss: 0.665184378624
2025-03-18 21:18:04,128 - [epoch][s/s_per_e/gs]: [9][1268/1448/14300], lr: 0.000033532235, loss: 0.589012563229
